2013-08-11 18:43:47 Error: [MissingControllerException] Controller class InecController could not be found.
Exception Attributes: array (
  'class' => 'InecController',
  'plugin' => NULL,
)
Request URL: /
Stack Trace:
#0 /var/www/INEC/app/webroot/index.php(111): Dispatcher->dispatch(Object(CakeRequest), Object(CakeResponse))
#1 {main}
2013-08-11 18:44:50 Error: [MissingHelperException] Helper class ’Html’Helper could not be found.
Exception Attributes: array (
  'class' => '’Html’Helper',
  'plugin' => false,
)
Request URL: /
Stack Trace:
#0 /var/www/INEC/lib/Cake/View/View.php(882): HelperCollection->load('???Html???', Array)
#1 /var/www/INEC/lib/Cake/View/View.php(464): View->loadHelpers()
#2 /var/www/INEC/lib/Cake/Controller/Controller.php(948): View->render(NULL, NULL)
#3 /var/www/INEC/lib/Cake/Routing/Dispatcher.php(194): Controller->render()
#4 /var/www/INEC/lib/Cake/Routing/Dispatcher.php(162): Dispatcher->_invoke(Object(InecController), Object(CakeRequest), Object(CakeResponse))
#5 /var/www/INEC/app/webroot/index.php(111): Dispatcher->dispatch(Object(CakeRequest), Object(CakeResponse))
#6 {main}
2013-08-11 18:48:02 Error: [MissingHelperException] Helper class ’Html’Helper could not be found.
Exception Attributes: array (
  'class' => '’Html’Helper',
  'plugin' => false,
)
Request URL: /
Stack Trace:
#0 /var/www/INEC/lib/Cake/View/View.php(882): HelperCollection->load('???Html???', Array)
#1 /var/www/INEC/lib/Cake/View/View.php(464): View->loadHelpers()
#2 /var/www/INEC/lib/Cake/Controller/Controller.php(948): View->render(NULL, NULL)
#3 /var/www/INEC/lib/Cake/Routing/Dispatcher.php(194): Controller->render()
#4 /var/www/INEC/lib/Cake/Routing/Dispatcher.php(162): Dispatcher->_invoke(Object(InecController), Object(CakeRequest), Object(CakeResponse))
#5 /var/www/INEC/app/webroot/index.php(111): Dispatcher->dispatch(Object(CakeRequest), Object(CakeResponse))
#6 {main}
2013-08-11 18:48:03 Error: [MissingHelperException] Helper class ’Html’Helper could not be found.
Exception Attributes: array (
  'class' => '’Html’Helper',
  'plugin' => false,
)
Request URL: /
Stack Trace:
#0 /var/www/INEC/lib/Cake/View/View.php(882): HelperCollection->load('???Html???', Array)
#1 /var/www/INEC/lib/Cake/View/View.php(464): View->loadHelpers()
#2 /var/www/INEC/lib/Cake/Controller/Controller.php(948): View->render(NULL, NULL)
#3 /var/www/INEC/lib/Cake/Routing/Dispatcher.php(194): Controller->render()
#4 /var/www/INEC/lib/Cake/Routing/Dispatcher.php(162): Dispatcher->_invoke(Object(InecController), Object(CakeRequest), Object(CakeResponse))
#5 /var/www/INEC/app/webroot/index.php(111): Dispatcher->dispatch(Object(CakeRequest), Object(CakeResponse))
#6 {main}
2013-08-11 18:48:03 Error: [MissingHelperException] Helper class ’Html’Helper could not be found.
Exception Attributes: array (
  'class' => '’Html’Helper',
  'plugin' => false,
)
Request URL: /
Stack Trace:
#0 /var/www/INEC/lib/Cake/View/View.php(882): HelperCollection->load('???Html???', Array)
#1 /var/www/INEC/lib/Cake/View/View.php(464): View->loadHelpers()
#2 /var/www/INEC/lib/Cake/Controller/Controller.php(948): View->render(NULL, NULL)
#3 /var/www/INEC/lib/Cake/Routing/Dispatcher.php(194): Controller->render()
#4 /var/www/INEC/lib/Cake/Routing/Dispatcher.php(162): Dispatcher->_invoke(Object(InecController), Object(CakeRequest), Object(CakeResponse))
#5 /var/www/INEC/app/webroot/index.php(111): Dispatcher->dispatch(Object(CakeRequest), Object(CakeResponse))
#6 {main}
2013-08-11 18:48:04 Error: [MissingHelperException] Helper class ’Html’Helper could not be found.
Exception Attributes: array (
  'class' => '’Html’Helper',
  'plugin' => false,
)
Request URL: /
Stack Trace:
#0 /var/www/INEC/lib/Cake/View/View.php(882): HelperCollection->load('???Html???', Array)
#1 /var/www/INEC/lib/Cake/View/View.php(464): View->loadHelpers()
#2 /var/www/INEC/lib/Cake/Controller/Controller.php(948): View->render(NULL, NULL)
#3 /var/www/INEC/lib/Cake/Routing/Dispatcher.php(194): Controller->render()
#4 /var/www/INEC/lib/Cake/Routing/Dispatcher.php(162): Dispatcher->_invoke(Object(InecController), Object(CakeRequest), Object(CakeResponse))
#5 /var/www/INEC/app/webroot/index.php(111): Dispatcher->dispatch(Object(CakeRequest), Object(CakeResponse))
#6 {main}
2013-08-11 18:48:04 Error: [MissingHelperException] Helper class ’Html’Helper could not be found.
Exception Attributes: array (
  'class' => '’Html’Helper',
  'plugin' => false,
)
Request URL: /
Stack Trace:
#0 /var/www/INEC/lib/Cake/View/View.php(882): HelperCollection->load('???Html???', Array)
#1 /var/www/INEC/lib/Cake/View/View.php(464): View->loadHelpers()
#2 /var/www/INEC/lib/Cake/Controller/Controller.php(948): View->render(NULL, NULL)
#3 /var/www/INEC/lib/Cake/Routing/Dispatcher.php(194): Controller->render()
#4 /var/www/INEC/lib/Cake/Routing/Dispatcher.php(162): Dispatcher->_invoke(Object(InecController), Object(CakeRequest), Object(CakeResponse))
#5 /var/www/INEC/app/webroot/index.php(111): Dispatcher->dispatch(Object(CakeRequest), Object(CakeResponse))
#6 {main}
2013-08-11 18:48:12 Error: [MissingHelperException] Helper class ’Html’Helper could not be found.
Exception Attributes: array (
  'class' => '’Html’Helper',
  'plugin' => false,
)
Request URL: /inec
Stack Trace:
#0 /var/www/INEC/lib/Cake/View/View.php(882): HelperCollection->load('???Html???', Array)
#1 /var/www/INEC/lib/Cake/View/View.php(464): View->loadHelpers()
#2 /var/www/INEC/lib/Cake/Controller/Controller.php(948): View->render(NULL, NULL)
#3 /var/www/INEC/lib/Cake/Routing/Dispatcher.php(194): Controller->render()
#4 /var/www/INEC/lib/Cake/Routing/Dispatcher.php(162): Dispatcher->_invoke(Object(InecController), Object(CakeRequest), Object(CakeResponse))
#5 /var/www/INEC/app/webroot/index.php(111): Dispatcher->dispatch(Object(CakeRequest), Object(CakeResponse))
#6 {main}
2013-08-11 18:48:17 Error: [MissingControllerException] Controller class InecsController could not be found.
Exception Attributes: array (
  'class' => 'InecsController',
  'plugin' => NULL,
)
Request URL: /inecs
Stack Trace:
#0 /var/www/INEC/app/webroot/index.php(111): Dispatcher->dispatch(Object(CakeRequest), Object(CakeResponse))
#1 {main}
2013-08-11 18:48:20 Error: [MissingHelperException] Helper class ’Html’Helper could not be found.
Exception Attributes: array (
  'class' => '’Html’Helper',
  'plugin' => false,
)
Request URL: /inec
Stack Trace:
#0 /var/www/INEC/lib/Cake/View/View.php(882): HelperCollection->load('???Html???', Array)
#1 /var/www/INEC/lib/Cake/View/View.php(464): View->loadHelpers()
#2 /var/www/INEC/lib/Cake/Controller/Controller.php(948): View->render(NULL, NULL)
#3 /var/www/INEC/lib/Cake/Routing/Dispatcher.php(194): Controller->render()
#4 /var/www/INEC/lib/Cake/Routing/Dispatcher.php(162): Dispatcher->_invoke(Object(InecController), Object(CakeRequest), Object(CakeResponse))
#5 /var/www/INEC/app/webroot/index.php(111): Dispatcher->dispatch(Object(CakeRequest), Object(CakeResponse))
#6 {main}
2013-08-11 18:49:01 Error: [MissingHelperException] Helper class ’Html’Helper could not be found.
Exception Attributes: array (
  'class' => '’Html’Helper',
  'plugin' => false,
)
Request URL: /inec
Stack Trace:
#0 /var/www/INEC/lib/Cake/View/View.php(882): HelperCollection->load('???Html???', Array)
#1 /var/www/INEC/lib/Cake/View/View.php(464): View->loadHelpers()
#2 /var/www/INEC/lib/Cake/Controller/Controller.php(948): View->render(NULL, NULL)
#3 /var/www/INEC/lib/Cake/Routing/Dispatcher.php(194): Controller->render()
#4 /var/www/INEC/lib/Cake/Routing/Dispatcher.php(162): Dispatcher->_invoke(Object(InecController), Object(CakeRequest), Object(CakeResponse))
#5 /var/www/INEC/app/webroot/index.php(111): Dispatcher->dispatch(Object(CakeRequest), Object(CakeResponse))
#6 {main}
2013-08-11 18:49:06 Error: [MissingHelperException] Helper class ’Html’Helper could not be found.
Exception Attributes: array (
  'class' => '’Html’Helper',
  'plugin' => false,
)
Request URL: /
Stack Trace:
#0 /var/www/INEC/lib/Cake/View/View.php(882): HelperCollection->load('???Html???', Array)
#1 /var/www/INEC/lib/Cake/View/View.php(464): View->loadHelpers()
#2 /var/www/INEC/lib/Cake/Controller/Controller.php(948): View->render(NULL, NULL)
#3 /var/www/INEC/lib/Cake/Routing/Dispatcher.php(194): Controller->render()
#4 /var/www/INEC/lib/Cake/Routing/Dispatcher.php(162): Dispatcher->_invoke(Object(InecController), Object(CakeRequest), Object(CakeResponse))
#5 /var/www/INEC/app/webroot/index.php(111): Dispatcher->dispatch(Object(CakeRequest), Object(CakeResponse))
#6 {main}
2013-08-11 18:49:43 Error: Fatal Error (4): syntax error, unexpected T_ENCAPSED_AND_WHITESPACE, expecting ')' in [/var/www/INEC/app/Controller/InecController.php, line 5]
2013-08-11 18:49:43 Error: [FatalErrorException] syntax error, unexpected T_ENCAPSED_AND_WHITESPACE, expecting ')'
Request URL: /
Stack Trace:
#0 /var/www/INEC/lib/Cake/Error/ErrorHandler.php(184): ErrorHandler::handleFatalError(4, 'syntax error, u...', '/var/www/INEC/a...', 5)
#1 [internal function]: ErrorHandler::handleError(4, 'syntax error, u...', '/var/www/INEC/a...', 5, Array)
#2 /var/www/INEC/lib/Cake/Core/App.php(931): call_user_func('ErrorHandler::h...', 4, 'syntax error, u...', '/var/www/INEC/a...', 5, Array)
#3 /var/www/INEC/lib/Cake/Core/App.php(904): App::_checkFatalError()
#4 [internal function]: App::shutdown()
#5 {main}
2013-08-11 20:57:19 Error: [MissingControllerException] Controller class JsController could not be found.
Exception Attributes: array (
  'class' => 'JsController',
  'plugin' => NULL,
)
Request URL: /js/jquery-1.10.2.min.map
Stack Trace:
#0 /var/www/INEC/app/webroot/index.php(111): Dispatcher->dispatch(Object(CakeRequest), Object(CakeResponse))
#1 {main}
2013-08-11 21:15:46 Error: [MissingControllerException] Controller class JsController could not be found.
Exception Attributes: array (
  'class' => 'JsController',
  'plugin' => NULL,
)
Request URL: /js/jquery-1.10.2.min.map
Stack Trace:
#0 /var/www/INEC/app/webroot/index.php(111): Dispatcher->dispatch(Object(CakeRequest), Object(CakeResponse))
#1 {main}
2013-08-11 21:16:06 Error: [MissingControllerException] Controller class JsController could not be found.
Exception Attributes: array (
  'class' => 'JsController',
  'plugin' => NULL,
)
Request URL: /js/jquery-1.10.2.min.map
Stack Trace:
#0 /var/www/INEC/app/webroot/index.php(111): Dispatcher->dispatch(Object(CakeRequest), Object(CakeResponse))
#1 {main}
2013-08-11 21:16:25 Error: [MissingControllerException] Controller class JsController could not be found.
Exception Attributes: array (
  'class' => 'JsController',
  'plugin' => NULL,
)
Request URL: /js/jquery-1.10.2.min.map
Stack Trace:
#0 /var/www/INEC/app/webroot/index.php(111): Dispatcher->dispatch(Object(CakeRequest), Object(CakeResponse))
#1 {main}
2013-08-11 21:17:30 Error: [MissingControllerException] Controller class JsController could not be found.
Exception Attributes: array (
  'class' => 'JsController',
  'plugin' => NULL,
)
Request URL: /js/jquery-1.10.2.min.map
Stack Trace:
#0 /var/www/INEC/app/webroot/index.php(111): Dispatcher->dispatch(Object(CakeRequest), Object(CakeResponse))
#1 {main}
2013-08-11 21:17:46 Error: [MissingControllerException] Controller class JsController could not be found.
Exception Attributes: array (
  'class' => 'JsController',
  'plugin' => NULL,
)
Request URL: /js/jquery-1.10.2.min.map
Stack Trace:
#0 /var/www/INEC/app/webroot/index.php(111): Dispatcher->dispatch(Object(CakeRequest), Object(CakeResponse))
#1 {main}
2013-08-11 21:58:37 Error: [MissingControllerException] Controller class JsController could not be found.
Exception Attributes: array (
  'class' => 'JsController',
  'plugin' => NULL,
)
Request URL: /js/jquery-1.10.2.min.map
Stack Trace:
#0 /var/www/INEC/app/webroot/index.php(111): Dispatcher->dispatch(Object(CakeRequest), Object(CakeResponse))
#1 {main}
2013-08-11 22:02:18 Error: [MissingControllerException] Controller class JsController could not be found.
Exception Attributes: array (
  'class' => 'JsController',
  'plugin' => NULL,
)
Request URL: /js/jquery-1.10.2.min.map
Stack Trace:
#0 /var/www/INEC/app/webroot/index.php(111): Dispatcher->dispatch(Object(CakeRequest), Object(CakeResponse))
#1 {main}
2013-08-11 22:03:19 Error: [MissingControllerException] Controller class JsController could not be found.
Exception Attributes: array (
  'class' => 'JsController',
  'plugin' => NULL,
)
Request URL: /js/jquery-1.10.2.min.map
Stack Trace:
#0 /var/www/INEC/app/webroot/index.php(111): Dispatcher->dispatch(Object(CakeRequest), Object(CakeResponse))
#1 {main}
2013-08-11 22:03:33 Error: [MissingControllerException] Controller class JsController could not be found.
Exception Attributes: array (
  'class' => 'JsController',
  'plugin' => NULL,
)
Request URL: /js/jquery-1.10.2.min.map
Stack Trace:
#0 /var/www/INEC/app/webroot/index.php(111): Dispatcher->dispatch(Object(CakeRequest), Object(CakeResponse))
#1 {main}
2013-08-11 22:38:59 Error: [MissingControllerException] Controller class JsController could not be found.
Exception Attributes: array (
  'class' => 'JsController',
  'plugin' => NULL,
)
Request URL: /js/jquery-1.10.2.min.map
Stack Trace:
#0 /var/www/INEC/app/webroot/index.php(111): Dispatcher->dispatch(Object(CakeRequest), Object(CakeResponse))
#1 {main}
2013-08-11 22:40:48 Error: [MissingControllerException] Controller class JsController could not be found.
Exception Attributes: array (
  'class' => 'JsController',
  'plugin' => NULL,
)
Request URL: /js/jquery-1.10.2.min.map
Stack Trace:
#0 /var/www/INEC/app/webroot/index.php(111): Dispatcher->dispatch(Object(CakeRequest), Object(CakeResponse))
#1 {main}
2013-08-11 22:42:51 Error: [MissingControllerException] Controller class JsController could not be found.
Exception Attributes: array (
  'class' => 'JsController',
  'plugin' => NULL,
)
Request URL: /js/jquery-1.10.2.min.map
Stack Trace:
#0 /var/www/INEC/app/webroot/index.php(111): Dispatcher->dispatch(Object(CakeRequest), Object(CakeResponse))
#1 {main}
2013-08-11 22:50:42 Error: [MissingControllerException] Controller class JsController could not be found.
Exception Attributes: array (
  'class' => 'JsController',
  'plugin' => NULL,
)
Request URL: /js/jquery-1.10.2.min.map
Stack Trace:
#0 /var/www/INEC/app/webroot/index.php(111): Dispatcher->dispatch(Object(CakeRequest), Object(CakeResponse))
#1 {main}
2013-08-11 22:55:01 Error: [MissingControllerException] Controller class JsController could not be found.
Exception Attributes: array (
  'class' => 'JsController',
  'plugin' => NULL,
)
Request URL: /js/jquery-1.10.2.min.map
Stack Trace:
#0 /var/www/INEC/app/webroot/index.php(111): Dispatcher->dispatch(Object(CakeRequest), Object(CakeResponse))
#1 {main}
2013-08-11 22:57:23 Error: [MissingControllerException] Controller class JsController could not be found.
Exception Attributes: array (
  'class' => 'JsController',
  'plugin' => NULL,
)
Request URL: /js/jquery-1.10.2.min.map
Stack Trace:
#0 /var/www/INEC/app/webroot/index.php(111): Dispatcher->dispatch(Object(CakeRequest), Object(CakeResponse))
#1 {main}
2013-08-11 22:57:30 Error: [MissingControllerException] Controller class JsController could not be found.
Exception Attributes: array (
  'class' => 'JsController',
  'plugin' => NULL,
)
Request URL: /js/jquery-1.10.2.min.map
Stack Trace:
#0 /var/www/INEC/app/webroot/index.php(111): Dispatcher->dispatch(Object(CakeRequest), Object(CakeResponse))
#1 {main}
2013-08-11 22:57:37 Error: [MissingControllerException] Controller class JsController could not be found.
Exception Attributes: array (
  'class' => 'JsController',
  'plugin' => NULL,
)
Request URL: /js/jquery-1.10.2.min.map
Stack Trace:
#0 /var/www/INEC/app/webroot/index.php(111): Dispatcher->dispatch(Object(CakeRequest), Object(CakeResponse))
#1 {main}
2013-08-11 22:57:48 Error: [MissingControllerException] Controller class JsController could not be found.
Exception Attributes: array (
  'class' => 'JsController',
  'plugin' => NULL,
)
Request URL: /js/jquery-1.10.2.min.map
Stack Trace:
#0 /var/www/INEC/app/webroot/index.php(111): Dispatcher->dispatch(Object(CakeRequest), Object(CakeResponse))
#1 {main}
2013-08-11 22:59:10 Error: [MissingControllerException] Controller class JsController could not be found.
Exception Attributes: array (
  'class' => 'JsController',
  'plugin' => NULL,
)
Request URL: /js/jquery-1.10.2.min.map
Stack Trace:
#0 /var/www/INEC/app/webroot/index.php(111): Dispatcher->dispatch(Object(CakeRequest), Object(CakeResponse))
#1 {main}
2013-08-11 22:59:34 Error: [MissingControllerException] Controller class JsController could not be found.
Exception Attributes: array (
  'class' => 'JsController',
  'plugin' => NULL,
)
Request URL: /js/jquery-1.10.2.min.map
Stack Trace:
#0 /var/www/INEC/app/webroot/index.php(111): Dispatcher->dispatch(Object(CakeRequest), Object(CakeResponse))
#1 {main}
2013-08-11 23:18:38 Error: [MissingControllerException] Controller class JsController could not be found.
Exception Attributes: array (
  'class' => 'JsController',
  'plugin' => NULL,
)
Request URL: /js/jquery-1.10.2.min.map
Stack Trace:
#0 /var/www/INEC/app/webroot/index.php(111): Dispatcher->dispatch(Object(CakeRequest), Object(CakeResponse))
#1 {main}
2013-08-11 23:20:17 Error: [MissingControllerException] Controller class JsController could not be found.
Exception Attributes: array (
  'class' => 'JsController',
  'plugin' => NULL,
)
Request URL: /js/jquery-1.10.2.min.map
Stack Trace:
#0 /var/www/INEC/app/webroot/index.php(111): Dispatcher->dispatch(Object(CakeRequest), Object(CakeResponse))
#1 {main}
2013-08-11 23:21:11 Error: [MissingControllerException] Controller class JsController could not be found.
Exception Attributes: array (
  'class' => 'JsController',
  'plugin' => NULL,
)
Request URL: /js/jquery-1.10.2.min.map
Stack Trace:
#0 /var/www/INEC/app/webroot/index.php(111): Dispatcher->dispatch(Object(CakeRequest), Object(CakeResponse))
#1 {main}
2013-08-11 23:21:24 Error: [MissingControllerException] Controller class JsController could not be found.
Exception Attributes: array (
  'class' => 'JsController',
  'plugin' => NULL,
)
Request URL: /js/jquery-1.10.2.min.map
Stack Trace:
#0 /var/www/INEC/app/webroot/index.php(111): Dispatcher->dispatch(Object(CakeRequest), Object(CakeResponse))
#1 {main}
2013-08-11 23:22:08 Error: [MissingControllerException] Controller class JsController could not be found.
Exception Attributes: array (
  'class' => 'JsController',
  'plugin' => NULL,
)
Request URL: /js/jquery-1.10.2.min.map
Stack Trace:
#0 /var/www/INEC/app/webroot/index.php(111): Dispatcher->dispatch(Object(CakeRequest), Object(CakeResponse))
#1 {main}
2013-08-11 23:23:36 Error: [MissingControllerException] Controller class JsController could not be found.
Exception Attributes: array (
  'class' => 'JsController',
  'plugin' => NULL,
)
Request URL: /js/jquery-1.10.2.min.map
Stack Trace:
#0 /var/www/INEC/app/webroot/index.php(111): Dispatcher->dispatch(Object(CakeRequest), Object(CakeResponse))
#1 {main}
2013-08-11 23:26:49 Error: [MissingControllerException] Controller class JsController could not be found.
Exception Attributes: array (
  'class' => 'JsController',
  'plugin' => NULL,
)
Request URL: /js/jquery-1.10.2.min.map
Stack Trace:
#0 /var/www/INEC/app/webroot/index.php(111): Dispatcher->dispatch(Object(CakeRequest), Object(CakeResponse))
#1 {main}
2013-08-11 23:27:14 Error: [MissingControllerException] Controller class JsController could not be found.
Exception Attributes: array (
  'class' => 'JsController',
  'plugin' => NULL,
)
Request URL: /js/jquery-1.10.2.min.map
Stack Trace:
#0 /var/www/INEC/app/webroot/index.php(111): Dispatcher->dispatch(Object(CakeRequest), Object(CakeResponse))
#1 {main}
2013-08-11 23:27:46 Error: [MissingControllerException] Controller class JsController could not be found.
Exception Attributes: array (
  'class' => 'JsController',
  'plugin' => NULL,
)
Request URL: /js/jquery-1.10.2.min.map
Stack Trace:
#0 /var/www/INEC/app/webroot/index.php(111): Dispatcher->dispatch(Object(CakeRequest), Object(CakeResponse))
#1 {main}
2013-08-11 23:29:08 Error: [MissingControllerException] Controller class JsController could not be found.
Exception Attributes: array (
  'class' => 'JsController',
  'plugin' => NULL,
)
Request URL: /js/jquery-1.10.2.min.map
Stack Trace:
#0 /var/www/INEC/app/webroot/index.php(111): Dispatcher->dispatch(Object(CakeRequest), Object(CakeResponse))
#1 {main}
2013-08-11 23:30:37 Error: [MissingControllerException] Controller class JsController could not be found.
Exception Attributes: array (
  'class' => 'JsController',
  'plugin' => NULL,
)
Request URL: /js/jquery-1.10.2.min.map
Stack Trace:
#0 /var/www/INEC/app/webroot/index.php(111): Dispatcher->dispatch(Object(CakeRequest), Object(CakeResponse))
#1 {main}
2013-08-11 23:31:08 Error: [MissingControllerException] Controller class JsController could not be found.
Exception Attributes: array (
  'class' => 'JsController',
  'plugin' => NULL,
)
Request URL: /js/jquery-1.10.2.min.map
Stack Trace:
#0 /var/www/INEC/app/webroot/index.php(111): Dispatcher->dispatch(Object(CakeRequest), Object(CakeResponse))
#1 {main}
2013-08-11 23:31:22 Error: [MissingControllerException] Controller class JsController could not be found.
Exception Attributes: array (
  'class' => 'JsController',
  'plugin' => NULL,
)
Request URL: /js/jquery-1.10.2.min.map
Stack Trace:
#0 /var/www/INEC/app/webroot/index.php(111): Dispatcher->dispatch(Object(CakeRequest), Object(CakeResponse))
#1 {main}
2013-08-11 23:31:45 Error: [MissingControllerException] Controller class JsController could not be found.
Exception Attributes: array (
  'class' => 'JsController',
  'plugin' => NULL,
)
Request URL: /js/jquery-1.10.2.min.map
Stack Trace:
#0 /var/www/INEC/app/webroot/index.php(111): Dispatcher->dispatch(Object(CakeRequest), Object(CakeResponse))
#1 {main}
2013-08-11 23:32:18 Error: [MissingControllerException] Controller class JsController could not be found.
Exception Attributes: array (
  'class' => 'JsController',
  'plugin' => NULL,
)
Request URL: /js/jquery-1.10.2.min.map
Stack Trace:
#0 /var/www/INEC/app/webroot/index.php(111): Dispatcher->dispatch(Object(CakeRequest), Object(CakeResponse))
#1 {main}
2013-08-11 23:37:15 Error: [MissingControllerException] Controller class JsController could not be found.
Exception Attributes: array (
  'class' => 'JsController',
  'plugin' => NULL,
)
Request URL: /js/jquery-1.10.2.min.map
Stack Trace:
#0 /var/www/INEC/app/webroot/index.php(111): Dispatcher->dispatch(Object(CakeRequest), Object(CakeResponse))
#1 {main}
2013-08-11 23:39:09 Error: [MissingControllerException] Controller class JsController could not be found.
Exception Attributes: array (
  'class' => 'JsController',
  'plugin' => NULL,
)
Request URL: /js/jquery-1.10.2.min.map
Stack Trace:
#0 /var/www/INEC/app/webroot/index.php(111): Dispatcher->dispatch(Object(CakeRequest), Object(CakeResponse))
#1 {main}
2013-08-11 23:40:37 Error: [MissingControllerException] Controller class JsController could not be found.
Exception Attributes: array (
  'class' => 'JsController',
  'plugin' => NULL,
)
Request URL: /js/jquery-1.10.2.min.map
Stack Trace:
#0 /var/www/INEC/app/webroot/index.php(111): Dispatcher->dispatch(Object(CakeRequest), Object(CakeResponse))
#1 {main}
2013-08-11 23:40:55 Error: [MissingControllerException] Controller class JsController could not be found.
Exception Attributes: array (
  'class' => 'JsController',
  'plugin' => NULL,
)
Request URL: /js/jquery-1.10.2.min.map
Stack Trace:
#0 /var/www/INEC/app/webroot/index.php(111): Dispatcher->dispatch(Object(CakeRequest), Object(CakeResponse))
#1 {main}
2013-08-11 23:42:33 Error: [MissingControllerException] Controller class JsController could not be found.
Exception Attributes: array (
  'class' => 'JsController',
  'plugin' => NULL,
)
Request URL: /js/jquery-1.10.2.min.map
Stack Trace:
#0 /var/www/INEC/app/webroot/index.php(111): Dispatcher->dispatch(Object(CakeRequest), Object(CakeResponse))
#1 {main}
2013-08-12 00:03:44 Error: [MissingControllerException] Controller class JsController could not be found.
Exception Attributes: array (
  'class' => 'JsController',
  'plugin' => NULL,
)
Request URL: /js/jquery-1.10.2.min.map
Stack Trace:
#0 /var/www/INEC/app/webroot/index.php(111): Dispatcher->dispatch(Object(CakeRequest), Object(CakeResponse))
#1 {main}
2013-08-12 00:05:47 Error: [MissingControllerException] Controller class JsController could not be found.
Exception Attributes: array (
  'class' => 'JsController',
  'plugin' => NULL,
)
Request URL: /js/jquery-1.10.2.min.map
Stack Trace:
#0 /var/www/INEC/app/webroot/index.php(111): Dispatcher->dispatch(Object(CakeRequest), Object(CakeResponse))
#1 {main}
2013-08-12 00:07:27 Error: [MissingControllerException] Controller class JsController could not be found.
Exception Attributes: array (
  'class' => 'JsController',
  'plugin' => NULL,
)
Request URL: /js/jquery-1.10.2.min.map
Stack Trace:
#0 /var/www/INEC/app/webroot/index.php(111): Dispatcher->dispatch(Object(CakeRequest), Object(CakeResponse))
#1 {main}
2013-08-12 00:08:19 Error: [MissingControllerException] Controller class JsController could not be found.
Exception Attributes: array (
  'class' => 'JsController',
  'plugin' => NULL,
)
Request URL: /js/jquery-1.10.2.min.map
Stack Trace:
#0 /var/www/INEC/app/webroot/index.php(111): Dispatcher->dispatch(Object(CakeRequest), Object(CakeResponse))
#1 {main}
2013-08-12 00:08:43 Error: [MissingControllerException] Controller class JsController could not be found.
Exception Attributes: array (
  'class' => 'JsController',
  'plugin' => NULL,
)
Request URL: /js/jquery-1.10.2.min.map
Stack Trace:
#0 /var/www/INEC/app/webroot/index.php(111): Dispatcher->dispatch(Object(CakeRequest), Object(CakeResponse))
#1 {main}
2013-08-12 00:10:01 Error: [MissingControllerException] Controller class JsController could not be found.
Exception Attributes: array (
  'class' => 'JsController',
  'plugin' => NULL,
)
Request URL: /js/jquery-1.10.2.min.map
Stack Trace:
#0 /var/www/INEC/app/webroot/index.php(111): Dispatcher->dispatch(Object(CakeRequest), Object(CakeResponse))
#1 {main}
2013-08-12 00:11:05 Error: [MissingControllerException] Controller class JsController could not be found.
Exception Attributes: array (
  'class' => 'JsController',
  'plugin' => NULL,
)
Request URL: /js/jquery-1.10.2.min.map
Stack Trace:
#0 /var/www/INEC/app/webroot/index.php(111): Dispatcher->dispatch(Object(CakeRequest), Object(CakeResponse))
#1 {main}
2013-08-12 00:11:35 Error: [MissingControllerException] Controller class JsController could not be found.
Exception Attributes: array (
  'class' => 'JsController',
  'plugin' => NULL,
)
Request URL: /js/jquery-1.10.2.min.map
Stack Trace:
#0 /var/www/INEC/app/webroot/index.php(111): Dispatcher->dispatch(Object(CakeRequest), Object(CakeResponse))
#1 {main}
2013-08-12 00:15:30 Error: [MissingControllerException] Controller class JsController could not be found.
Exception Attributes: array (
  'class' => 'JsController',
  'plugin' => NULL,
)
Request URL: /js/jquery-1.10.2.min.map
Stack Trace:
#0 /var/www/INEC/app/webroot/index.php(111): Dispatcher->dispatch(Object(CakeRequest), Object(CakeResponse))
#1 {main}
2013-08-12 00:16:54 Error: [MissingControllerException] Controller class JsController could not be found.
Exception Attributes: array (
  'class' => 'JsController',
  'plugin' => NULL,
)
Request URL: /js/jquery-1.10.2.min.map
Stack Trace:
#0 /var/www/INEC/app/webroot/index.php(111): Dispatcher->dispatch(Object(CakeRequest), Object(CakeResponse))
#1 {main}
2013-08-12 00:20:25 Error: [MissingControllerException] Controller class JsController could not be found.
Exception Attributes: array (
  'class' => 'JsController',
  'plugin' => NULL,
)
Request URL: /js/jquery-1.10.2.min.map
Stack Trace:
#0 /var/www/INEC/app/webroot/index.php(111): Dispatcher->dispatch(Object(CakeRequest), Object(CakeResponse))
#1 {main}
2013-08-12 00:21:43 Error: [MissingControllerException] Controller class JsController could not be found.
Exception Attributes: array (
  'class' => 'JsController',
  'plugin' => NULL,
)
Request URL: /js/jquery-1.10.2.min.map
Stack Trace:
#0 /var/www/INEC/app/webroot/index.php(111): Dispatcher->dispatch(Object(CakeRequest), Object(CakeResponse))
#1 {main}
2013-08-12 00:24:28 Error: [MissingControllerException] Controller class JsController could not be found.
Exception Attributes: array (
  'class' => 'JsController',
  'plugin' => NULL,
)
Request URL: /js/jquery-1.10.2.min.map
Stack Trace:
#0 /var/www/INEC/app/webroot/index.php(111): Dispatcher->dispatch(Object(CakeRequest), Object(CakeResponse))
#1 {main}
2013-08-12 00:25:45 Error: [MissingControllerException] Controller class JsController could not be found.
Exception Attributes: array (
  'class' => 'JsController',
  'plugin' => NULL,
)
Request URL: /js/jquery-1.10.2.min.map
Stack Trace:
#0 /var/www/INEC/app/webroot/index.php(111): Dispatcher->dispatch(Object(CakeRequest), Object(CakeResponse))
#1 {main}
2013-08-12 00:26:14 Error: [MissingControllerException] Controller class JsController could not be found.
Exception Attributes: array (
  'class' => 'JsController',
  'plugin' => NULL,
)
Request URL: /js/jquery-1.10.2.min.map
Stack Trace:
#0 /var/www/INEC/app/webroot/index.php(111): Dispatcher->dispatch(Object(CakeRequest), Object(CakeResponse))
#1 {main}
2013-08-12 00:26:15 Error: [MissingControllerException] Controller class JsController could not be found.
Exception Attributes: array (
  'class' => 'JsController',
  'plugin' => NULL,
)
Request URL: /js/jquery-1.10.2.min.map
Stack Trace:
#0 /var/www/INEC/app/webroot/index.php(111): Dispatcher->dispatch(Object(CakeRequest), Object(CakeResponse))
#1 {main}
2013-08-12 00:28:56 Error: [MissingControllerException] Controller class JsController could not be found.
Exception Attributes: array (
  'class' => 'JsController',
  'plugin' => NULL,
)
Request URL: /js/jquery-1.10.2.min.map
Stack Trace:
#0 /var/www/INEC/app/webroot/index.php(111): Dispatcher->dispatch(Object(CakeRequest), Object(CakeResponse))
#1 {main}
2013-08-12 00:30:09 Error: [MissingControllerException] Controller class JsController could not be found.
Exception Attributes: array (
  'class' => 'JsController',
  'plugin' => NULL,
)
Request URL: /js/jquery-1.10.2.min.map
Stack Trace:
#0 /var/www/INEC/app/webroot/index.php(111): Dispatcher->dispatch(Object(CakeRequest), Object(CakeResponse))
#1 {main}
2013-08-12 00:51:55 Error: [MissingControllerException] Controller class JsController could not be found.
Exception Attributes: array (
  'class' => 'JsController',
  'plugin' => NULL,
)
Request URL: /js/jquery-1.10.2.min.map
Stack Trace:
#0 /var/www/INEC/app/webroot/index.php(111): Dispatcher->dispatch(Object(CakeRequest), Object(CakeResponse))
#1 {main}
2013-08-12 00:52:32 Error: [MissingControllerException] Controller class JsController could not be found.
Exception Attributes: array (
  'class' => 'JsController',
  'plugin' => NULL,
)
Request URL: /js/jquery-1.10.2.min.map
Stack Trace:
#0 /var/www/INEC/app/webroot/index.php(111): Dispatcher->dispatch(Object(CakeRequest), Object(CakeResponse))
#1 {main}
2013-08-12 00:54:04 Error: [MissingControllerException] Controller class JsController could not be found.
Exception Attributes: array (
  'class' => 'JsController',
  'plugin' => NULL,
)
Request URL: /js/jquery-1.10.2.min.map
Stack Trace:
#0 /var/www/INEC/app/webroot/index.php(111): Dispatcher->dispatch(Object(CakeRequest), Object(CakeResponse))
#1 {main}
2013-08-12 00:54:29 Error: [MissingControllerException] Controller class JsController could not be found.
Exception Attributes: array (
  'class' => 'JsController',
  'plugin' => NULL,
)
Request URL: /js/jquery-1.10.2.min.map
Stack Trace:
#0 /var/www/INEC/app/webroot/index.php(111): Dispatcher->dispatch(Object(CakeRequest), Object(CakeResponse))
#1 {main}
2013-08-12 00:55:45 Error: [MissingControllerException] Controller class JsController could not be found.
Exception Attributes: array (
  'class' => 'JsController',
  'plugin' => NULL,
)
Request URL: /js/jquery-1.10.2.min.map
Stack Trace:
#0 /var/www/INEC/app/webroot/index.php(111): Dispatcher->dispatch(Object(CakeRequest), Object(CakeResponse))
#1 {main}
2013-08-12 00:56:06 Error: [MissingControllerException] Controller class JsController could not be found.
Exception Attributes: array (
  'class' => 'JsController',
  'plugin' => NULL,
)
Request URL: /js/jquery-1.10.2.min.map
Stack Trace:
#0 /var/www/INEC/app/webroot/index.php(111): Dispatcher->dispatch(Object(CakeRequest), Object(CakeResponse))
#1 {main}
2013-08-12 00:57:20 Error: [MissingControllerException] Controller class JsController could not be found.
Exception Attributes: array (
  'class' => 'JsController',
  'plugin' => NULL,
)
Request URL: /js/jquery-1.10.2.min.map
Stack Trace:
#0 /var/www/INEC/app/webroot/index.php(111): Dispatcher->dispatch(Object(CakeRequest), Object(CakeResponse))
#1 {main}
2013-08-12 00:57:33 Error: [MissingControllerException] Controller class JsController could not be found.
Exception Attributes: array (
  'class' => 'JsController',
  'plugin' => NULL,
)
Request URL: /js/jquery-1.10.2.min.map
Stack Trace:
#0 /var/www/INEC/app/webroot/index.php(111): Dispatcher->dispatch(Object(CakeRequest), Object(CakeResponse))
#1 {main}
2013-08-12 00:57:49 Error: [MissingControllerException] Controller class JsController could not be found.
Exception Attributes: array (
  'class' => 'JsController',
  'plugin' => NULL,
)
Request URL: /js/jquery-1.10.2.min.map
Stack Trace:
#0 /var/www/INEC/app/webroot/index.php(111): Dispatcher->dispatch(Object(CakeRequest), Object(CakeResponse))
#1 {main}
2013-08-12 00:59:02 Error: [MissingControllerException] Controller class JsController could not be found.
Exception Attributes: array (
  'class' => 'JsController',
  'plugin' => NULL,
)
Request URL: /js/jquery-1.10.2.min.map
Stack Trace:
#0 /var/www/INEC/app/webroot/index.php(111): Dispatcher->dispatch(Object(CakeRequest), Object(CakeResponse))
#1 {main}
2013-08-12 01:01:12 Error: [MissingControllerException] Controller class JsController could not be found.
Exception Attributes: array (
  'class' => 'JsController',
  'plugin' => NULL,
)
Request URL: /js/jquery-1.10.2.min.map
Stack Trace:
#0 /var/www/INEC/app/webroot/index.php(111): Dispatcher->dispatch(Object(CakeRequest), Object(CakeResponse))
#1 {main}
2013-08-12 01:02:00 Error: [MissingControllerException] Controller class JsController could not be found.
Exception Attributes: array (
  'class' => 'JsController',
  'plugin' => NULL,
)
Request URL: /js/jquery-1.10.2.min.map
Stack Trace:
#0 /var/www/INEC/app/webroot/index.php(111): Dispatcher->dispatch(Object(CakeRequest), Object(CakeResponse))
#1 {main}
2013-08-12 01:02:42 Error: [MissingControllerException] Controller class JsController could not be found.
Exception Attributes: array (
  'class' => 'JsController',
  'plugin' => NULL,
)
Request URL: /js/jquery-1.10.2.min.map
Stack Trace:
#0 /var/www/INEC/app/webroot/index.php(111): Dispatcher->dispatch(Object(CakeRequest), Object(CakeResponse))
#1 {main}
2013-08-12 01:06:18 Error: [MissingControllerException] Controller class JsController could not be found.
Exception Attributes: array (
  'class' => 'JsController',
  'plugin' => NULL,
)
Request URL: /js/jquery-1.10.2.min.map
Stack Trace:
#0 /var/www/INEC/app/webroot/index.php(111): Dispatcher->dispatch(Object(CakeRequest), Object(CakeResponse))
#1 {main}
2013-08-12 01:27:15 Error: [MissingControllerException] Controller class JsController could not be found.
Exception Attributes: array (
  'class' => 'JsController',
  'plugin' => NULL,
)
Request URL: /js/jquery-1.10.2.min.map
Stack Trace:
#0 /var/www/INEC/app/webroot/index.php(111): Dispatcher->dispatch(Object(CakeRequest), Object(CakeResponse))
#1 {main}
2013-08-12 01:27:36 Error: [MissingControllerException] Controller class JsController could not be found.
Exception Attributes: array (
  'class' => 'JsController',
  'plugin' => NULL,
)
Request URL: /js/jquery-1.10.2.min.map
Stack Trace:
#0 /var/www/INEC/app/webroot/index.php(111): Dispatcher->dispatch(Object(CakeRequest), Object(CakeResponse))
#1 {main}
2013-08-12 01:27:57 Error: [MissingControllerException] Controller class JsController could not be found.
Exception Attributes: array (
  'class' => 'JsController',
  'plugin' => NULL,
)
Request URL: /js/jquery-1.10.2.min.map
Stack Trace:
#0 /var/www/INEC/app/webroot/index.php(111): Dispatcher->dispatch(Object(CakeRequest), Object(CakeResponse))
#1 {main}
2013-08-12 01:30:05 Error: [MissingControllerException] Controller class JsController could not be found.
Exception Attributes: array (
  'class' => 'JsController',
  'plugin' => NULL,
)
Request URL: /js/jquery-1.10.2.min.map
Stack Trace:
#0 /var/www/INEC/app/webroot/index.php(111): Dispatcher->dispatch(Object(CakeRequest), Object(CakeResponse))
#1 {main}
2013-08-12 01:30:38 Error: [MissingControllerException] Controller class JsController could not be found.
Exception Attributes: array (
  'class' => 'JsController',
  'plugin' => NULL,
)
Request URL: /js/jquery-1.10.2.min.map
Stack Trace:
#0 /var/www/INEC/app/webroot/index.php(111): Dispatcher->dispatch(Object(CakeRequest), Object(CakeResponse))
#1 {main}
2013-08-12 01:32:56 Error: [MissingControllerException] Controller class JsController could not be found.
Exception Attributes: array (
  'class' => 'JsController',
  'plugin' => NULL,
)
Request URL: /js/jquery-1.10.2.min.map
Stack Trace:
#0 /var/www/INEC/app/webroot/index.php(111): Dispatcher->dispatch(Object(CakeRequest), Object(CakeResponse))
#1 {main}
2013-08-12 01:36:33 Error: [MissingControllerException] Controller class JsController could not be found.
Exception Attributes: array (
  'class' => 'JsController',
  'plugin' => NULL,
)
Request URL: /js/jquery-1.10.2.min.map
Stack Trace:
#0 /var/www/INEC/app/webroot/index.php(111): Dispatcher->dispatch(Object(CakeRequest), Object(CakeResponse))
#1 {main}
2013-08-12 01:38:00 Error: [MissingControllerException] Controller class JsController could not be found.
Exception Attributes: array (
  'class' => 'JsController',
  'plugin' => NULL,
)
Request URL: /js/jquery-1.10.2.min.map
Stack Trace:
#0 /var/www/INEC/app/webroot/index.php(111): Dispatcher->dispatch(Object(CakeRequest), Object(CakeResponse))
#1 {main}
2013-08-12 01:38:21 Error: [MissingControllerException] Controller class JsController could not be found.
Exception Attributes: array (
  'class' => 'JsController',
  'plugin' => NULL,
)
Request URL: /js/jquery-1.10.2.min.map
Stack Trace:
#0 /var/www/INEC/app/webroot/index.php(111): Dispatcher->dispatch(Object(CakeRequest), Object(CakeResponse))
#1 {main}
2013-08-12 01:38:41 Error: [MissingControllerException] Controller class JsController could not be found.
Exception Attributes: array (
  'class' => 'JsController',
  'plugin' => NULL,
)
Request URL: /js/jquery-1.10.2.min.map
Stack Trace:
#0 /var/www/INEC/app/webroot/index.php(111): Dispatcher->dispatch(Object(CakeRequest), Object(CakeResponse))
#1 {main}
2013-08-12 01:39:03 Error: [MissingControllerException] Controller class JsController could not be found.
Exception Attributes: array (
  'class' => 'JsController',
  'plugin' => NULL,
)
Request URL: /js/jquery-1.10.2.min.map
Stack Trace:
#0 /var/www/INEC/app/webroot/index.php(111): Dispatcher->dispatch(Object(CakeRequest), Object(CakeResponse))
#1 {main}
2013-08-12 01:41:16 Error: [MissingControllerException] Controller class JsController could not be found.
Exception Attributes: array (
  'class' => 'JsController',
  'plugin' => NULL,
)
Request URL: /js/jquery-1.10.2.min.map
Stack Trace:
#0 /var/www/INEC/app/webroot/index.php(111): Dispatcher->dispatch(Object(CakeRequest), Object(CakeResponse))
#1 {main}
2013-08-12 01:43:03 Error: [MissingControllerException] Controller class JsController could not be found.
Exception Attributes: array (
  'class' => 'JsController',
  'plugin' => NULL,
)
Request URL: /js/jquery-1.10.2.min.map
Stack Trace:
#0 /var/www/INEC/app/webroot/index.php(111): Dispatcher->dispatch(Object(CakeRequest), Object(CakeResponse))
#1 {main}
2013-08-12 01:44:16 Error: [MissingControllerException] Controller class JsController could not be found.
Exception Attributes: array (
  'class' => 'JsController',
  'plugin' => NULL,
)
Request URL: /js/jquery-1.10.2.min.map
Stack Trace:
#0 /var/www/INEC/app/webroot/index.php(111): Dispatcher->dispatch(Object(CakeRequest), Object(CakeResponse))
#1 {main}
2013-08-12 01:45:06 Error: [MissingControllerException] Controller class JsController could not be found.
Exception Attributes: array (
  'class' => 'JsController',
  'plugin' => NULL,
)
Request URL: /js/jquery-1.10.2.min.map
Stack Trace:
#0 /var/www/INEC/app/webroot/index.php(111): Dispatcher->dispatch(Object(CakeRequest), Object(CakeResponse))
#1 {main}
2013-08-12 01:45:14 Error: [MissingControllerException] Controller class JsController could not be found.
Exception Attributes: array (
  'class' => 'JsController',
  'plugin' => NULL,
)
Request URL: /js/jquery-1.10.2.min.map
Stack Trace:
#0 /var/www/INEC/app/webroot/index.php(111): Dispatcher->dispatch(Object(CakeRequest), Object(CakeResponse))
#1 {main}
2013-08-12 01:45:44 Error: [MissingControllerException] Controller class JsController could not be found.
Exception Attributes: array (
  'class' => 'JsController',
  'plugin' => NULL,
)
Request URL: /js/jquery-1.10.2.min.map
Stack Trace:
#0 /var/www/INEC/app/webroot/index.php(111): Dispatcher->dispatch(Object(CakeRequest), Object(CakeResponse))
#1 {main}
2013-08-12 01:56:45 Error: [MissingControllerException] Controller class JsController could not be found.
Exception Attributes: array (
  'class' => 'JsController',
  'plugin' => NULL,
)
Request URL: /js/jquery-1.10.2.min.map
Stack Trace:
#0 /var/www/INEC/app/webroot/index.php(111): Dispatcher->dispatch(Object(CakeRequest), Object(CakeResponse))
#1 {main}
2013-08-12 01:58:36 Error: [MissingControllerException] Controller class JsController could not be found.
Exception Attributes: array (
  'class' => 'JsController',
  'plugin' => NULL,
)
Request URL: /js/jquery-1.10.2.min.map
Stack Trace:
#0 /var/www/INEC/app/webroot/index.php(111): Dispatcher->dispatch(Object(CakeRequest), Object(CakeResponse))
#1 {main}
2013-08-12 02:05:41 Error: [MissingControllerException] Controller class JsController could not be found.
Exception Attributes: array (
  'class' => 'JsController',
  'plugin' => NULL,
)
Request URL: /js/jquery-1.10.2.min.map
Stack Trace:
#0 /var/www/INEC/app/webroot/index.php(111): Dispatcher->dispatch(Object(CakeRequest), Object(CakeResponse))
#1 {main}
2013-08-12 02:05:57 Error: [MissingControllerException] Controller class JsController could not be found.
Exception Attributes: array (
  'class' => 'JsController',
  'plugin' => NULL,
)
Request URL: /js/jquery-1.10.2.min.map
Stack Trace:
#0 /var/www/INEC/app/webroot/index.php(111): Dispatcher->dispatch(Object(CakeRequest), Object(CakeResponse))
#1 {main}
2013-08-12 02:07:28 Error: [MissingControllerException] Controller class JsController could not be found.
Exception Attributes: array (
  'class' => 'JsController',
  'plugin' => NULL,
)
Request URL: /js/jquery-1.10.2.min.map
Stack Trace:
#0 /var/www/INEC/app/webroot/index.php(111): Dispatcher->dispatch(Object(CakeRequest), Object(CakeResponse))
#1 {main}
2013-08-12 02:07:51 Error: [MissingControllerException] Controller class JsController could not be found.
Exception Attributes: array (
  'class' => 'JsController',
  'plugin' => NULL,
)
Request URL: /js/jquery-1.10.2.min.map
Stack Trace:
#0 /var/www/INEC/app/webroot/index.php(111): Dispatcher->dispatch(Object(CakeRequest), Object(CakeResponse))
#1 {main}
2013-08-12 02:15:36 Error: [MissingControllerException] Controller class JsController could not be found.
Exception Attributes: array (
  'class' => 'JsController',
  'plugin' => NULL,
)
Request URL: /js/jquery-1.10.2.min.map
Stack Trace:
#0 /var/www/INEC/app/webroot/index.php(111): Dispatcher->dispatch(Object(CakeRequest), Object(CakeResponse))
#1 {main}
2013-08-12 02:16:20 Error: [MissingControllerException] Controller class JsController could not be found.
Exception Attributes: array (
  'class' => 'JsController',
  'plugin' => NULL,
)
Request URL: /js/jquery-1.10.2.min.map
Stack Trace:
#0 /var/www/INEC/app/webroot/index.php(111): Dispatcher->dispatch(Object(CakeRequest), Object(CakeResponse))
#1 {main}
2013-08-12 02:23:39 Error: [MissingControllerException] Controller class JsController could not be found.
Exception Attributes: array (
  'class' => 'JsController',
  'plugin' => NULL,
)
Request URL: /js/jquery-1.10.2.min.map
Stack Trace:
#0 /var/www/INEC/app/webroot/index.php(111): Dispatcher->dispatch(Object(CakeRequest), Object(CakeResponse))
#1 {main}
2013-08-12 02:24:10 Error: [MissingControllerException] Controller class JsController could not be found.
Exception Attributes: array (
  'class' => 'JsController',
  'plugin' => NULL,
)
Request URL: /js/jquery-1.10.2.min.map
Stack Trace:
#0 /var/www/INEC/app/webroot/index.php(111): Dispatcher->dispatch(Object(CakeRequest), Object(CakeResponse))
#1 {main}
2013-08-12 02:24:38 Error: [MissingControllerException] Controller class JsController could not be found.
Exception Attributes: array (
  'class' => 'JsController',
  'plugin' => NULL,
)
Request URL: /js/jquery-1.10.2.min.map
Stack Trace:
#0 /var/www/INEC/app/webroot/index.php(111): Dispatcher->dispatch(Object(CakeRequest), Object(CakeResponse))
#1 {main}
2013-08-12 02:25:49 Error: [MissingControllerException] Controller class JsController could not be found.
Exception Attributes: array (
  'class' => 'JsController',
  'plugin' => NULL,
)
Request URL: /js/jquery-1.10.2.min.map
Stack Trace:
#0 /var/www/INEC/app/webroot/index.php(111): Dispatcher->dispatch(Object(CakeRequest), Object(CakeResponse))
#1 {main}
2013-08-12 02:26:12 Error: [MissingControllerException] Controller class JsController could not be found.
Exception Attributes: array (
  'class' => 'JsController',
  'plugin' => NULL,
)
Request URL: /js/jquery-1.10.2.min.map
Stack Trace:
#0 /var/www/INEC/app/webroot/index.php(111): Dispatcher->dispatch(Object(CakeRequest), Object(CakeResponse))
#1 {main}
2013-08-12 02:29:50 Error: [MissingControllerException] Controller class JsController could not be found.
Exception Attributes: array (
  'class' => 'JsController',
  'plugin' => NULL,
)
Request URL: /js/jquery-1.10.2.min.map
Stack Trace:
#0 /var/www/INEC/app/webroot/index.php(111): Dispatcher->dispatch(Object(CakeRequest), Object(CakeResponse))
#1 {main}
2013-08-12 02:30:46 Error: [MissingControllerException] Controller class JsController could not be found.
Exception Attributes: array (
  'class' => 'JsController',
  'plugin' => NULL,
)
Request URL: /js/jquery-1.10.2.min.map
Stack Trace:
#0 /var/www/INEC/app/webroot/index.php(111): Dispatcher->dispatch(Object(CakeRequest), Object(CakeResponse))
#1 {main}
2013-08-12 02:30:59 Error: [MissingControllerException] Controller class JsController could not be found.
Exception Attributes: array (
  'class' => 'JsController',
  'plugin' => NULL,
)
Request URL: /js/jquery-1.10.2.min.map
Stack Trace:
#0 /var/www/INEC/app/webroot/index.php(111): Dispatcher->dispatch(Object(CakeRequest), Object(CakeResponse))
#1 {main}
2013-08-12 02:33:00 Error: [MissingControllerException] Controller class JsController could not be found.
Exception Attributes: array (
  'class' => 'JsController',
  'plugin' => NULL,
)
Request URL: /js/jquery-1.10.2.min.map
Stack Trace:
#0 /var/www/INEC/app/webroot/index.php(111): Dispatcher->dispatch(Object(CakeRequest), Object(CakeResponse))
#1 {main}
2013-08-12 02:33:33 Error: [MissingControllerException] Controller class JsController could not be found.
Exception Attributes: array (
  'class' => 'JsController',
  'plugin' => NULL,
)
Request URL: /js/jquery-1.10.2.min.map
Stack Trace:
#0 /var/www/INEC/app/webroot/index.php(111): Dispatcher->dispatch(Object(CakeRequest), Object(CakeResponse))
#1 {main}
2013-08-12 02:33:52 Error: [MissingControllerException] Controller class JsController could not be found.
Exception Attributes: array (
  'class' => 'JsController',
  'plugin' => NULL,
)
Request URL: /js/jquery-1.10.2.min.map
Stack Trace:
#0 /var/www/INEC/app/webroot/index.php(111): Dispatcher->dispatch(Object(CakeRequest), Object(CakeResponse))
#1 {main}
2013-08-12 02:34:04 Error: [MissingControllerException] Controller class JsController could not be found.
Exception Attributes: array (
  'class' => 'JsController',
  'plugin' => NULL,
)
Request URL: /js/jquery-1.10.2.min.map
Stack Trace:
#0 /var/www/INEC/app/webroot/index.php(111): Dispatcher->dispatch(Object(CakeRequest), Object(CakeResponse))
#1 {main}
2013-08-12 02:34:18 Error: [MissingControllerException] Controller class JsController could not be found.
Exception Attributes: array (
  'class' => 'JsController',
  'plugin' => NULL,
)
Request URL: /js/jquery-1.10.2.min.map
Stack Trace:
#0 /var/www/INEC/app/webroot/index.php(111): Dispatcher->dispatch(Object(CakeRequest), Object(CakeResponse))
#1 {main}
2013-08-12 02:34:33 Error: [MissingControllerException] Controller class JsController could not be found.
Exception Attributes: array (
  'class' => 'JsController',
  'plugin' => NULL,
)
Request URL: /js/jquery-1.10.2.min.map
Stack Trace:
#0 /var/www/INEC/app/webroot/index.php(111): Dispatcher->dispatch(Object(CakeRequest), Object(CakeResponse))
#1 {main}
2013-08-12 02:34:57 Error: [MissingControllerException] Controller class JsController could not be found.
Exception Attributes: array (
  'class' => 'JsController',
  'plugin' => NULL,
)
Request URL: /js/jquery-1.10.2.min.map
Stack Trace:
#0 /var/www/INEC/app/webroot/index.php(111): Dispatcher->dispatch(Object(CakeRequest), Object(CakeResponse))
#1 {main}
2013-08-12 02:35:20 Error: [MissingControllerException] Controller class JsController could not be found.
Exception Attributes: array (
  'class' => 'JsController',
  'plugin' => NULL,
)
Request URL: /js/jquery-1.10.2.min.map
Stack Trace:
#0 /var/www/INEC/app/webroot/index.php(111): Dispatcher->dispatch(Object(CakeRequest), Object(CakeResponse))
#1 {main}
2013-08-12 02:36:31 Error: [MissingControllerException] Controller class JsController could not be found.
Exception Attributes: array (
  'class' => 'JsController',
  'plugin' => NULL,
)
Request URL: /js/jquery-1.10.2.min.map
Stack Trace:
#0 /var/www/INEC/app/webroot/index.php(111): Dispatcher->dispatch(Object(CakeRequest), Object(CakeResponse))
#1 {main}
2013-08-12 02:37:05 Error: [MissingControllerException] Controller class JsController could not be found.
Exception Attributes: array (
  'class' => 'JsController',
  'plugin' => NULL,
)
Request URL: /js/jquery-1.10.2.min.map
Stack Trace:
#0 /var/www/INEC/app/webroot/index.php(111): Dispatcher->dispatch(Object(CakeRequest), Object(CakeResponse))
#1 {main}
2013-08-12 02:48:10 Error: [MissingControllerException] Controller class JsController could not be found.
Exception Attributes: array (
  'class' => 'JsController',
  'plugin' => NULL,
)
Request URL: /js/jquery-1.10.2.min.map
Stack Trace:
#0 /var/www/INEC/app/webroot/index.php(111): Dispatcher->dispatch(Object(CakeRequest), Object(CakeResponse))
#1 {main}
2013-08-12 02:50:13 Error: [MissingControllerException] Controller class JsController could not be found.
Exception Attributes: array (
  'class' => 'JsController',
  'plugin' => NULL,
)
Request URL: /js/jquery-1.10.2.min.map
Stack Trace:
#0 /var/www/INEC/app/webroot/index.php(111): Dispatcher->dispatch(Object(CakeRequest), Object(CakeResponse))
#1 {main}
2013-08-12 02:51:20 Error: [MissingControllerException] Controller class JsController could not be found.
Exception Attributes: array (
  'class' => 'JsController',
  'plugin' => NULL,
)
Request URL: /js/jquery-1.10.2.min.map
Stack Trace:
#0 /var/www/INEC/app/webroot/index.php(111): Dispatcher->dispatch(Object(CakeRequest), Object(CakeResponse))
#1 {main}
2013-08-12 02:51:59 Error: [MissingControllerException] Controller class JsController could not be found.
Exception Attributes: array (
  'class' => 'JsController',
  'plugin' => NULL,
)
Request URL: /js/jquery-1.10.2.min.map
Stack Trace:
#0 /var/www/INEC/app/webroot/index.php(111): Dispatcher->dispatch(Object(CakeRequest), Object(CakeResponse))
#1 {main}
2013-08-12 02:57:02 Error: [MissingControllerException] Controller class JsController could not be found.
Exception Attributes: array (
  'class' => 'JsController',
  'plugin' => NULL,
)
Request URL: /js/jquery-1.10.2.min.map
Stack Trace:
#0 /var/www/INEC/app/webroot/index.php(111): Dispatcher->dispatch(Object(CakeRequest), Object(CakeResponse))
#1 {main}
2013-08-12 02:58:50 Error: [MissingControllerException] Controller class JsController could not be found.
Exception Attributes: array (
  'class' => 'JsController',
  'plugin' => NULL,
)
Request URL: /js/jquery-1.10.2.min.map
Stack Trace:
#0 /var/www/INEC/app/webroot/index.php(111): Dispatcher->dispatch(Object(CakeRequest), Object(CakeResponse))
#1 {main}
2013-08-12 03:01:59 Error: [MissingControllerException] Controller class JsController could not be found.
Exception Attributes: array (
  'class' => 'JsController',
  'plugin' => NULL,
)
Request URL: /js/jquery-1.10.2.min.map
Stack Trace:
#0 /var/www/INEC/app/webroot/index.php(111): Dispatcher->dispatch(Object(CakeRequest), Object(CakeResponse))
#1 {main}
2013-08-12 03:05:30 Error: [MissingControllerException] Controller class JsController could not be found.
Exception Attributes: array (
  'class' => 'JsController',
  'plugin' => NULL,
)
Request URL: /js/jquery-1.10.2.min.map
Stack Trace:
#0 /var/www/INEC/app/webroot/index.php(111): Dispatcher->dispatch(Object(CakeRequest), Object(CakeResponse))
#1 {main}
2013-08-12 03:17:03 Error: [MissingControllerException] Controller class JsController could not be found.
Exception Attributes: array (
  'class' => 'JsController',
  'plugin' => NULL,
)
Request URL: /js/jquery-1.10.2.min.map
Stack Trace:
#0 /var/www/INEC/app/webroot/index.php(111): Dispatcher->dispatch(Object(CakeRequest), Object(CakeResponse))
#1 {main}
2013-08-12 03:18:21 Error: [MissingControllerException] Controller class JsController could not be found.
Exception Attributes: array (
  'class' => 'JsController',
  'plugin' => NULL,
)
Request URL: /js/jquery-1.10.2.min.map
Stack Trace:
#0 /var/www/INEC/app/webroot/index.php(111): Dispatcher->dispatch(Object(CakeRequest), Object(CakeResponse))
#1 {main}
2013-08-12 03:18:43 Error: [MissingControllerException] Controller class JsController could not be found.
Exception Attributes: array (
  'class' => 'JsController',
  'plugin' => NULL,
)
Request URL: /js/jquery-1.10.2.min.map
Stack Trace:
#0 /var/www/INEC/app/webroot/index.php(111): Dispatcher->dispatch(Object(CakeRequest), Object(CakeResponse))
#1 {main}
2013-08-12 03:18:55 Error: [MissingControllerException] Controller class JsController could not be found.
Exception Attributes: array (
  'class' => 'JsController',
  'plugin' => NULL,
)
Request URL: /js/jquery-1.10.2.min.map
Stack Trace:
#0 /var/www/INEC/app/webroot/index.php(111): Dispatcher->dispatch(Object(CakeRequest), Object(CakeResponse))
#1 {main}
2013-08-12 03:19:35 Error: [MissingControllerException] Controller class JsController could not be found.
Exception Attributes: array (
  'class' => 'JsController',
  'plugin' => NULL,
)
Request URL: /js/jquery-1.10.2.min.map
Stack Trace:
#0 /var/www/INEC/app/webroot/index.php(111): Dispatcher->dispatch(Object(CakeRequest), Object(CakeResponse))
#1 {main}
2013-08-12 03:20:18 Error: [MissingControllerException] Controller class JsController could not be found.
Exception Attributes: array (
  'class' => 'JsController',
  'plugin' => NULL,
)
Request URL: /js/jquery-1.10.2.min.map
Stack Trace:
#0 /var/www/INEC/app/webroot/index.php(111): Dispatcher->dispatch(Object(CakeRequest), Object(CakeResponse))
#1 {main}
2013-08-12 03:21:34 Error: [MissingControllerException] Controller class JsController could not be found.
Exception Attributes: array (
  'class' => 'JsController',
  'plugin' => NULL,
)
Request URL: /js/jquery-1.10.2.min.map
Stack Trace:
#0 /var/www/INEC/app/webroot/index.php(111): Dispatcher->dispatch(Object(CakeRequest), Object(CakeResponse))
#1 {main}
2013-08-12 03:23:25 Error: [MissingControllerException] Controller class JsController could not be found.
Exception Attributes: array (
  'class' => 'JsController',
  'plugin' => NULL,
)
Request URL: /js/jquery-1.10.2.min.map
Stack Trace:
#0 /var/www/INEC/app/webroot/index.php(111): Dispatcher->dispatch(Object(CakeRequest), Object(CakeResponse))
#1 {main}
2013-08-12 03:24:58 Error: [MissingControllerException] Controller class JsController could not be found.
Exception Attributes: array (
  'class' => 'JsController',
  'plugin' => NULL,
)
Request URL: /js/jquery-1.10.2.min.map
Stack Trace:
#0 /var/www/INEC/app/webroot/index.php(111): Dispatcher->dispatch(Object(CakeRequest), Object(CakeResponse))
#1 {main}
2013-08-12 03:25:51 Error: [MissingControllerException] Controller class JsController could not be found.
Exception Attributes: array (
  'class' => 'JsController',
  'plugin' => NULL,
)
Request URL: /js/jquery-1.10.2.min.map
Stack Trace:
#0 /var/www/INEC/app/webroot/index.php(111): Dispatcher->dispatch(Object(CakeRequest), Object(CakeResponse))
#1 {main}
2013-08-12 03:26:04 Error: [MissingControllerException] Controller class JsController could not be found.
Exception Attributes: array (
  'class' => 'JsController',
  'plugin' => NULL,
)
Request URL: /js/jquery-1.10.2.min.map
Stack Trace:
#0 /var/www/INEC/app/webroot/index.php(111): Dispatcher->dispatch(Object(CakeRequest), Object(CakeResponse))
#1 {main}
2013-08-12 03:27:57 Error: [MissingControllerException] Controller class JsController could not be found.
Exception Attributes: array (
  'class' => 'JsController',
  'plugin' => NULL,
)
Request URL: /js/jquery-1.10.2.min.map
Stack Trace:
#0 /var/www/INEC/app/webroot/index.php(111): Dispatcher->dispatch(Object(CakeRequest), Object(CakeResponse))
#1 {main}
2013-08-12 03:28:38 Error: [MissingControllerException] Controller class JsController could not be found.
Exception Attributes: array (
  'class' => 'JsController',
  'plugin' => NULL,
)
Request URL: /js/jquery-1.10.2.min.map
Stack Trace:
#0 /var/www/INEC/app/webroot/index.php(111): Dispatcher->dispatch(Object(CakeRequest), Object(CakeResponse))
#1 {main}
2013-08-12 03:29:10 Error: [MissingControllerException] Controller class JsController could not be found.
Exception Attributes: array (
  'class' => 'JsController',
  'plugin' => NULL,
)
Request URL: /js/jquery-1.10.2.min.map
Stack Trace:
#0 /var/www/INEC/app/webroot/index.php(111): Dispatcher->dispatch(Object(CakeRequest), Object(CakeResponse))
#1 {main}
2013-08-12 03:29:48 Error: [MissingControllerException] Controller class JsController could not be found.
Exception Attributes: array (
  'class' => 'JsController',
  'plugin' => NULL,
)
Request URL: /js/jquery-1.10.2.min.map
Stack Trace:
#0 /var/www/INEC/app/webroot/index.php(111): Dispatcher->dispatch(Object(CakeRequest), Object(CakeResponse))
#1 {main}
2013-08-12 03:33:33 Error: [MissingControllerException] Controller class JsController could not be found.
Exception Attributes: array (
  'class' => 'JsController',
  'plugin' => NULL,
)
Request URL: /js/jquery-1.10.2.min.map
Stack Trace:
#0 /var/www/INEC/app/webroot/index.php(111): Dispatcher->dispatch(Object(CakeRequest), Object(CakeResponse))
#1 {main}
2013-08-12 03:39:59 Error: [MissingControllerException] Controller class JsController could not be found.
Exception Attributes: array (
  'class' => 'JsController',
  'plugin' => NULL,
)
Request URL: /js/jquery-1.10.2.min.map
Stack Trace:
#0 /var/www/INEC/app/webroot/index.php(111): Dispatcher->dispatch(Object(CakeRequest), Object(CakeResponse))
#1 {main}
2013-08-12 03:40:57 Error: [MissingControllerException] Controller class JsController could not be found.
Exception Attributes: array (
  'class' => 'JsController',
  'plugin' => NULL,
)
Request URL: /js/jquery-1.10.2.min.map
Stack Trace:
#0 /var/www/INEC/app/webroot/index.php(111): Dispatcher->dispatch(Object(CakeRequest), Object(CakeResponse))
#1 {main}
2013-08-12 03:42:28 Error: [MissingControllerException] Controller class JsController could not be found.
Exception Attributes: array (
  'class' => 'JsController',
  'plugin' => NULL,
)
Request URL: /js/jquery-1.10.2.min.map
Stack Trace:
#0 /var/www/INEC/app/webroot/index.php(111): Dispatcher->dispatch(Object(CakeRequest), Object(CakeResponse))
#1 {main}
2013-08-12 03:53:09 Error: [MissingControllerException] Controller class JsController could not be found.
Exception Attributes: array (
  'class' => 'JsController',
  'plugin' => NULL,
)
Request URL: /js/jquery-1.10.2.min.map
Stack Trace:
#0 /var/www/INEC/app/webroot/index.php(111): Dispatcher->dispatch(Object(CakeRequest), Object(CakeResponse))
#1 {main}
2013-08-12 03:54:37 Error: [MissingControllerException] Controller class JsController could not be found.
Exception Attributes: array (
  'class' => 'JsController',
  'plugin' => NULL,
)
Request URL: /js/jquery-1.10.2.min.map
Stack Trace:
#0 /var/www/INEC/app/webroot/index.php(111): Dispatcher->dispatch(Object(CakeRequest), Object(CakeResponse))
#1 {main}
2013-08-12 04:00:32 Error: [MissingControllerException] Controller class JsController could not be found.
Exception Attributes: array (
  'class' => 'JsController',
  'plugin' => NULL,
)
Request URL: /js/jquery-1.10.2.min.map
Stack Trace:
#0 /var/www/INEC/app/webroot/index.php(111): Dispatcher->dispatch(Object(CakeRequest), Object(CakeResponse))
#1 {main}
2013-08-12 04:02:54 Error: [MissingControllerException] Controller class JsController could not be found.
Exception Attributes: array (
  'class' => 'JsController',
  'plugin' => NULL,
)
Request URL: /js/jquery-1.10.2.min.map
Stack Trace:
#0 /var/www/INEC/app/webroot/index.php(111): Dispatcher->dispatch(Object(CakeRequest), Object(CakeResponse))
#1 {main}
2013-08-12 04:15:43 Error: [MissingControllerException] Controller class JsController could not be found.
Exception Attributes: array (
  'class' => 'JsController',
  'plugin' => NULL,
)
Request URL: /js/jquery-1.10.2.min.map
Stack Trace:
#0 /var/www/INEC/app/webroot/index.php(111): Dispatcher->dispatch(Object(CakeRequest), Object(CakeResponse))
#1 {main}
2013-08-12 04:16:04 Error: [MissingControllerException] Controller class JsController could not be found.
Exception Attributes: array (
  'class' => 'JsController',
  'plugin' => NULL,
)
Request URL: /js/jquery-1.10.2.min.map
Stack Trace:
#0 /var/www/INEC/app/webroot/index.php(111): Dispatcher->dispatch(Object(CakeRequest), Object(CakeResponse))
#1 {main}
2013-08-12 04:17:16 Error: [MissingControllerException] Controller class JsController could not be found.
Exception Attributes: array (
  'class' => 'JsController',
  'plugin' => NULL,
)
Request URL: /js/jquery-1.10.2.min.map
Stack Trace:
#0 /var/www/INEC/app/webroot/index.php(111): Dispatcher->dispatch(Object(CakeRequest), Object(CakeResponse))
#1 {main}
2013-08-12 04:22:09 Error: [MissingControllerException] Controller class JsController could not be found.
Exception Attributes: array (
  'class' => 'JsController',
  'plugin' => NULL,
)
Request URL: /js/jquery-1.10.2.min.map
Stack Trace:
#0 /var/www/INEC/app/webroot/index.php(111): Dispatcher->dispatch(Object(CakeRequest), Object(CakeResponse))
#1 {main}
2013-08-12 04:23:14 Error: [MissingControllerException] Controller class JsController could not be found.
Exception Attributes: array (
  'class' => 'JsController',
  'plugin' => NULL,
)
Request URL: /js/jquery-1.10.2.min.map
Stack Trace:
#0 /var/www/INEC/app/webroot/index.php(111): Dispatcher->dispatch(Object(CakeRequest), Object(CakeResponse))
#1 {main}
2013-08-12 04:25:24 Error: [MissingControllerException] Controller class JsController could not be found.
Exception Attributes: array (
  'class' => 'JsController',
  'plugin' => NULL,
)
Request URL: /js/jquery-1.10.2.min.map
Stack Trace:
#0 /var/www/INEC/app/webroot/index.php(111): Dispatcher->dispatch(Object(CakeRequest), Object(CakeResponse))
#1 {main}
2013-08-12 04:26:13 Error: [MissingControllerException] Controller class JsController could not be found.
Exception Attributes: array (
  'class' => 'JsController',
  'plugin' => NULL,
)
Request URL: /js/jquery-1.10.2.min.map
Stack Trace:
#0 /var/www/INEC/app/webroot/index.php(111): Dispatcher->dispatch(Object(CakeRequest), Object(CakeResponse))
#1 {main}
2013-08-12 04:27:07 Error: [MissingControllerException] Controller class JsController could not be found.
Exception Attributes: array (
  'class' => 'JsController',
  'plugin' => NULL,
)
Request URL: /js/jquery-1.10.2.min.map
Stack Trace:
#0 /var/www/INEC/app/webroot/index.php(111): Dispatcher->dispatch(Object(CakeRequest), Object(CakeResponse))
#1 {main}
2013-08-12 04:35:50 Error: [MissingControllerException] Controller class JsController could not be found.
Exception Attributes: array (
  'class' => 'JsController',
  'plugin' => NULL,
)
Request URL: /js/jquery-1.10.2.min.map
Stack Trace:
#0 /var/www/INEC/app/webroot/index.php(111): Dispatcher->dispatch(Object(CakeRequest), Object(CakeResponse))
#1 {main}
2013-08-12 04:39:04 Error: [MissingControllerException] Controller class JsController could not be found.
Exception Attributes: array (
  'class' => 'JsController',
  'plugin' => NULL,
)
Request URL: /js/jquery-1.10.2.min.map
Stack Trace:
#0 /var/www/INEC/app/webroot/index.php(111): Dispatcher->dispatch(Object(CakeRequest), Object(CakeResponse))
#1 {main}
2013-08-12 04:42:55 Error: [MissingControllerException] Controller class ViewController could not be found.
Exception Attributes: array (
  'class' => 'ViewController',
  'plugin' => NULL,
)
Request URL: /view
Stack Trace:
#0 /var/www/INEC/app/webroot/index.php(111): Dispatcher->dispatch(Object(CakeRequest), Object(CakeResponse))
#1 {main}
2013-08-12 04:49:56 Error: [MissingControllerException] Controller class JsController could not be found.
Exception Attributes: array (
  'class' => 'JsController',
  'plugin' => NULL,
)
Request URL: /js/jquery-1.10.2.min.map
Stack Trace:
#0 /var/www/INEC/app/webroot/index.php(111): Dispatcher->dispatch(Object(CakeRequest), Object(CakeResponse))
#1 {main}
2013-08-12 04:53:49 Error: [MissingControllerException] Controller class JsController could not be found.
Exception Attributes: array (
  'class' => 'JsController',
  'plugin' => NULL,
)
Request URL: /js/jquery-1.10.2.min.map
Stack Trace:
#0 /var/www/INEC/app/webroot/index.php(111): Dispatcher->dispatch(Object(CakeRequest), Object(CakeResponse))
#1 {main}
2013-08-12 04:54:21 Error: [MissingControllerException] Controller class JsController could not be found.
Exception Attributes: array (
  'class' => 'JsController',
  'plugin' => NULL,
)
Request URL: /js/jquery-1.10.2.min.map
Stack Trace:
#0 /var/www/INEC/app/webroot/index.php(111): Dispatcher->dispatch(Object(CakeRequest), Object(CakeResponse))
#1 {main}
2013-08-12 04:54:34 Error: [MissingControllerException] Controller class JsController could not be found.
Exception Attributes: array (
  'class' => 'JsController',
  'plugin' => NULL,
)
Request URL: /js/jquery-1.10.2.min.map
Stack Trace:
#0 /var/www/INEC/app/webroot/index.php(111): Dispatcher->dispatch(Object(CakeRequest), Object(CakeResponse))
#1 {main}
2013-08-12 04:55:13 Error: Fatal Error (1): Call to a member function post() on a non-object in [/var/www/INEC/app/Controller/InecController.php, line 19]
2013-08-12 04:55:13 Error: [FatalErrorException] Call to a member function post() on a non-object
Request URL: /inec/view
Stack Trace:
#0 /var/www/INEC/lib/Cake/Error/ErrorHandler.php(184): ErrorHandler::handleFatalError(1, 'Call to a membe...', '/var/www/INEC/a...', 19)
#1 [internal function]: ErrorHandler::handleError(1, 'Call to a membe...', '/var/www/INEC/a...', 19, Array)
#2 /var/www/INEC/lib/Cake/Core/App.php(931): call_user_func('ErrorHandler::h...', 1, 'Call to a membe...', '/var/www/INEC/a...', 19, Array)
#3 /var/www/INEC/lib/Cake/Core/App.php(904): App::_checkFatalError()
#4 [internal function]: App::shutdown()
#5 {main}
2013-08-12 04:55:20 Error: Fatal Error (1): Call to a member function post() on a non-object in [/var/www/INEC/app/Controller/InecController.php, line 19]
2013-08-12 04:55:20 Error: [FatalErrorException] Call to a member function post() on a non-object
Request URL: /inec/view
Stack Trace:
#0 /var/www/INEC/lib/Cake/Error/ErrorHandler.php(184): ErrorHandler::handleFatalError(1, 'Call to a membe...', '/var/www/INEC/a...', 19)
#1 [internal function]: ErrorHandler::handleError(1, 'Call to a membe...', '/var/www/INEC/a...', 19, Array)
#2 /var/www/INEC/lib/Cake/Core/App.php(931): call_user_func('ErrorHandler::h...', 1, 'Call to a membe...', '/var/www/INEC/a...', 19, Array)
#3 /var/www/INEC/lib/Cake/Core/App.php(904): App::_checkFatalError()
#4 [internal function]: App::shutdown()
#5 {main}
2013-08-12 04:55:22 Error: [MissingControllerException] Controller class JsController could not be found.
Exception Attributes: array (
  'class' => 'JsController',
  'plugin' => NULL,
)
Request URL: /js/jquery-1.10.2.min.map
Stack Trace:
#0 /var/www/INEC/app/webroot/index.php(111): Dispatcher->dispatch(Object(CakeRequest), Object(CakeResponse))
#1 {main}
2013-08-12 04:55:26 Error: [MissingControllerException] Controller class JsController could not be found.
Exception Attributes: array (
  'class' => 'JsController',
  'plugin' => NULL,
)
Request URL: /js/jquery-1.10.2.min.map
Stack Trace:
#0 /var/www/INEC/app/webroot/index.php(111): Dispatcher->dispatch(Object(CakeRequest), Object(CakeResponse))
#1 {main}
2013-08-12 04:55:30 Error: Fatal Error (1): Call to a member function post() on a non-object in [/var/www/INEC/app/Controller/InecController.php, line 19]
2013-08-12 04:55:30 Error: [FatalErrorException] Call to a member function post() on a non-object
Request URL: /inec/view
Stack Trace:
#0 /var/www/INEC/lib/Cake/Error/ErrorHandler.php(184): ErrorHandler::handleFatalError(1, 'Call to a membe...', '/var/www/INEC/a...', 19)
#1 [internal function]: ErrorHandler::handleError(1, 'Call to a membe...', '/var/www/INEC/a...', 19, Array)
#2 /var/www/INEC/lib/Cake/Core/App.php(931): call_user_func('ErrorHandler::h...', 1, 'Call to a membe...', '/var/www/INEC/a...', 19, Array)
#3 /var/www/INEC/lib/Cake/Core/App.php(904): App::_checkFatalError()
#4 [internal function]: App::shutdown()
#5 {main}
2013-08-12 04:56:58 Error: [MissingControllerException] Controller class JsController could not be found.
Exception Attributes: array (
  'class' => 'JsController',
  'plugin' => NULL,
)
Request URL: /js/jquery-1.10.2.min.map
Stack Trace:
#0 /var/www/INEC/app/webroot/index.php(111): Dispatcher->dispatch(Object(CakeRequest), Object(CakeResponse))
#1 {main}
2013-08-12 05:04:54 Error: [MissingControllerException] Controller class JsController could not be found.
Exception Attributes: array (
  'class' => 'JsController',
  'plugin' => NULL,
)
Request URL: /js/jquery-1.10.2.min.map
Stack Trace:
#0 /var/www/INEC/app/webroot/index.php(111): Dispatcher->dispatch(Object(CakeRequest), Object(CakeResponse))
#1 {main}
2013-08-12 05:05:37 Error: [MissingControllerException] Controller class JsController could not be found.
Exception Attributes: array (
  'class' => 'JsController',
  'plugin' => NULL,
)
Request URL: /js/jquery-1.10.2.min.map
Stack Trace:
#0 /var/www/INEC/app/webroot/index.php(111): Dispatcher->dispatch(Object(CakeRequest), Object(CakeResponse))
#1 {main}
2013-08-12 05:05:48 Error: [MissingControllerException] Controller class JsController could not be found.
Exception Attributes: array (
  'class' => 'JsController',
  'plugin' => NULL,
)
Request URL: /js/jquery-1.10.2.min.map
Stack Trace:
#0 /var/www/INEC/app/webroot/index.php(111): Dispatcher->dispatch(Object(CakeRequest), Object(CakeResponse))
#1 {main}
2013-08-12 05:05:57 Error: [MissingControllerException] Controller class JsController could not be found.
Exception Attributes: array (
  'class' => 'JsController',
  'plugin' => NULL,
)
Request URL: /js/jquery-1.10.2.min.map
Stack Trace:
#0 /var/www/INEC/app/webroot/index.php(111): Dispatcher->dispatch(Object(CakeRequest), Object(CakeResponse))
#1 {main}
2013-08-12 05:06:30 Error: [MissingControllerException] Controller class JsController could not be found.
Exception Attributes: array (
  'class' => 'JsController',
  'plugin' => NULL,
)
Request URL: /js/jquery-1.10.2.min.map
Stack Trace:
#0 /var/www/INEC/app/webroot/index.php(111): Dispatcher->dispatch(Object(CakeRequest), Object(CakeResponse))
#1 {main}
2013-08-12 05:06:49 Error: [MissingControllerException] Controller class JsController could not be found.
Exception Attributes: array (
  'class' => 'JsController',
  'plugin' => NULL,
)
Request URL: /js/jquery-1.10.2.min.map
Stack Trace:
#0 /var/www/INEC/app/webroot/index.php(111): Dispatcher->dispatch(Object(CakeRequest), Object(CakeResponse))
#1 {main}
2013-08-12 05:07:27 Error: [MissingControllerException] Controller class JsController could not be found.
Exception Attributes: array (
  'class' => 'JsController',
  'plugin' => NULL,
)
Request URL: /js/jquery-1.10.2.min.map
Stack Trace:
#0 /var/www/INEC/app/webroot/index.php(111): Dispatcher->dispatch(Object(CakeRequest), Object(CakeResponse))
#1 {main}
2013-08-12 13:32:28 Error: [MissingControllerException] Controller class JsController could not be found.
Exception Attributes: array (
  'class' => 'JsController',
  'plugin' => NULL,
)
Request URL: /js/jquery-1.10.2.min.map
Stack Trace:
#0 /var/www/INEC/app/webroot/index.php(111): Dispatcher->dispatch(Object(CakeRequest), Object(CakeResponse))
#1 {main}
2013-08-12 13:40:17 Error: [MissingControllerException] Controller class JsController could not be found.
Exception Attributes: array (
  'class' => 'JsController',
  'plugin' => NULL,
)
Request URL: /js/jquery-1.10.2.min.map
Stack Trace:
#0 /var/www/INEC/app/webroot/index.php(111): Dispatcher->dispatch(Object(CakeRequest), Object(CakeResponse))
#1 {main}
2013-08-12 13:41:22 Error: [MissingControllerException] Controller class JsController could not be found.
Exception Attributes: array (
  'class' => 'JsController',
  'plugin' => NULL,
)
Request URL: /js/jquery-1.10.2.min.map
Stack Trace:
#0 /var/www/INEC/app/webroot/index.php(111): Dispatcher->dispatch(Object(CakeRequest), Object(CakeResponse))
#1 {main}
2013-08-12 13:44:22 Error: [MissingControllerException] Controller class JsController could not be found.
Exception Attributes: array (
  'class' => 'JsController',
  'plugin' => NULL,
)
Request URL: /js/jquery-1.10.2.min.map
Stack Trace:
#0 /var/www/INEC/app/webroot/index.php(111): Dispatcher->dispatch(Object(CakeRequest), Object(CakeResponse))
#1 {main}
2013-08-12 13:47:26 Error: [MissingControllerException] Controller class JsController could not be found.
Exception Attributes: array (
  'class' => 'JsController',
  'plugin' => NULL,
)
Request URL: /js/jquery-1.10.2.min.map
Stack Trace:
#0 /var/www/INEC/app/webroot/index.php(111): Dispatcher->dispatch(Object(CakeRequest), Object(CakeResponse))
#1 {main}
2013-08-12 13:49:18 Error: [MissingControllerException] Controller class JsController could not be found.
Exception Attributes: array (
  'class' => 'JsController',
  'plugin' => NULL,
)
Request URL: /js/jquery-1.10.2.min.map
Stack Trace:
#0 /var/www/INEC/app/webroot/index.php(111): Dispatcher->dispatch(Object(CakeRequest), Object(CakeResponse))
#1 {main}
2013-08-12 13:50:23 Error: [MissingControllerException] Controller class JsController could not be found.
Exception Attributes: array (
  'class' => 'JsController',
  'plugin' => NULL,
)
Request URL: /js/jquery-1.10.2.min.map
Stack Trace:
#0 /var/www/INEC/app/webroot/index.php(111): Dispatcher->dispatch(Object(CakeRequest), Object(CakeResponse))
#1 {main}
2013-08-12 13:50:40 Error: [MissingControllerException] Controller class JsController could not be found.
Exception Attributes: array (
  'class' => 'JsController',
  'plugin' => NULL,
)
Request URL: /js/jquery-1.10.2.min.map
Stack Trace:
#0 /var/www/INEC/app/webroot/index.php(111): Dispatcher->dispatch(Object(CakeRequest), Object(CakeResponse))
#1 {main}
2013-08-12 13:51:15 Error: [MissingControllerException] Controller class JsController could not be found.
Exception Attributes: array (
  'class' => 'JsController',
  'plugin' => NULL,
)
Request URL: /js/jquery-1.10.2.min.map
Stack Trace:
#0 /var/www/INEC/app/webroot/index.php(111): Dispatcher->dispatch(Object(CakeRequest), Object(CakeResponse))
#1 {main}
2013-08-12 14:02:02 Error: [MissingControllerException] Controller class JsController could not be found.
Exception Attributes: array (
  'class' => 'JsController',
  'plugin' => NULL,
)
Request URL: /js/jquery-1.10.2.min.map
Stack Trace:
#0 /var/www/INEC/app/webroot/index.php(111): Dispatcher->dispatch(Object(CakeRequest), Object(CakeResponse))
#1 {main}
2013-08-12 14:02:25 Error: [MissingControllerException] Controller class JsController could not be found.
Exception Attributes: array (
  'class' => 'JsController',
  'plugin' => NULL,
)
Request URL: /js/jquery-1.10.2.min.map
Stack Trace:
#0 /var/www/INEC/app/webroot/index.php(111): Dispatcher->dispatch(Object(CakeRequest), Object(CakeResponse))
#1 {main}
2013-08-12 14:03:00 Error: [MissingControllerException] Controller class JsController could not be found.
Exception Attributes: array (
  'class' => 'JsController',
  'plugin' => NULL,
)
Request URL: /js/jquery-1.10.2.min.map
Stack Trace:
#0 /var/www/INEC/app/webroot/index.php(111): Dispatcher->dispatch(Object(CakeRequest), Object(CakeResponse))
#1 {main}
2013-08-12 14:03:33 Error: [MissingControllerException] Controller class JsController could not be found.
Exception Attributes: array (
  'class' => 'JsController',
  'plugin' => NULL,
)
Request URL: /js/jquery-1.10.2.min.map
Stack Trace:
#0 /var/www/INEC/app/webroot/index.php(111): Dispatcher->dispatch(Object(CakeRequest), Object(CakeResponse))
#1 {main}
2013-08-12 14:15:34 Error: [MissingControllerException] Controller class JsController could not be found.
Exception Attributes: array (
  'class' => 'JsController',
  'plugin' => NULL,
)
Request URL: /js/jquery-1.10.2.min.map
Stack Trace:
#0 /var/www/INEC/app/webroot/index.php(111): Dispatcher->dispatch(Object(CakeRequest), Object(CakeResponse))
#1 {main}
2013-08-12 14:18:05 Error: [MissingControllerException] Controller class JsController could not be found.
Exception Attributes: array (
  'class' => 'JsController',
  'plugin' => NULL,
)
Request URL: /js/jquery-1.10.2.min.map
Stack Trace:
#0 /var/www/INEC/app/webroot/index.php(111): Dispatcher->dispatch(Object(CakeRequest), Object(CakeResponse))
#1 {main}
2013-08-12 14:19:52 Error: [MissingControllerException] Controller class JsController could not be found.
Exception Attributes: array (
  'class' => 'JsController',
  'plugin' => NULL,
)
Request URL: /js/jquery-1.10.2.min.map
Stack Trace:
#0 /var/www/INEC/app/webroot/index.php(111): Dispatcher->dispatch(Object(CakeRequest), Object(CakeResponse))
#1 {main}
2013-08-12 14:20:54 Error: [MissingControllerException] Controller class JsController could not be found.
Exception Attributes: array (
  'class' => 'JsController',
  'plugin' => NULL,
)
Request URL: /js/jquery-1.10.2.min.map
Stack Trace:
#0 /var/www/INEC/app/webroot/index.php(111): Dispatcher->dispatch(Object(CakeRequest), Object(CakeResponse))
#1 {main}
2013-08-12 14:21:26 Error: [MissingControllerException] Controller class JsController could not be found.
Exception Attributes: array (
  'class' => 'JsController',
  'plugin' => NULL,
)
Request URL: /js/jquery-1.10.2.min.map
Stack Trace:
#0 /var/www/INEC/app/webroot/index.php(111): Dispatcher->dispatch(Object(CakeRequest), Object(CakeResponse))
#1 {main}
2013-08-12 14:21:35 Error: [MissingControllerException] Controller class JsController could not be found.
Exception Attributes: array (
  'class' => 'JsController',
  'plugin' => NULL,
)
Request URL: /js/jquery-1.10.2.min.map
Stack Trace:
#0 /var/www/INEC/app/webroot/index.php(111): Dispatcher->dispatch(Object(CakeRequest), Object(CakeResponse))
#1 {main}
2013-08-12 14:21:53 Error: [MissingControllerException] Controller class JsController could not be found.
Exception Attributes: array (
  'class' => 'JsController',
  'plugin' => NULL,
)
Request URL: /js/jquery-1.10.2.min.map
Stack Trace:
#0 /var/www/INEC/app/webroot/index.php(111): Dispatcher->dispatch(Object(CakeRequest), Object(CakeResponse))
#1 {main}
2013-08-12 14:21:53 Error: [MissingControllerException] Controller class JsController could not be found.
Exception Attributes: array (
  'class' => 'JsController',
  'plugin' => NULL,
)
Request URL: /js/jquery-1.10.2.min.map
Stack Trace:
#0 /var/www/INEC/app/webroot/index.php(111): Dispatcher->dispatch(Object(CakeRequest), Object(CakeResponse))
#1 {main}
2013-08-12 14:23:41 Error: [MissingControllerException] Controller class JsController could not be found.
Exception Attributes: array (
  'class' => 'JsController',
  'plugin' => NULL,
)
Request URL: /js/jquery-1.10.2.min.map
Stack Trace:
#0 /var/www/INEC/app/webroot/index.php(111): Dispatcher->dispatch(Object(CakeRequest), Object(CakeResponse))
#1 {main}
2013-08-12 19:57:55 Error: [MissingControllerException] Controller class JsController could not be found.
Exception Attributes: array (
  'class' => 'JsController',
  'plugin' => NULL,
)
Request URL: /js/jquery-1.10.2.min.map
Stack Trace:
#0 /var/www/INEC/app/webroot/index.php(111): Dispatcher->dispatch(Object(CakeRequest), Object(CakeResponse))
#1 {main}
2013-08-12 20:01:47 Error: [MissingControllerException] Controller class JsController could not be found.
Exception Attributes: array (
  'class' => 'JsController',
  'plugin' => NULL,
)
Request URL: /js/jquery-1.10.2.min.map
Stack Trace:
#0 /var/www/INEC/app/webroot/index.php(111): Dispatcher->dispatch(Object(CakeRequest), Object(CakeResponse))
#1 {main}
2013-08-12 20:06:40 Error: [MissingControllerException] Controller class JsController could not be found.
Exception Attributes: array (
  'class' => 'JsController',
  'plugin' => NULL,
)
Request URL: /js/jquery-1.10.2.min.map
Stack Trace:
#0 /var/www/INEC/app/webroot/index.php(111): Dispatcher->dispatch(Object(CakeRequest), Object(CakeResponse))
#1 {main}
2013-08-12 20:09:19 Error: [MissingControllerException] Controller class JsController could not be found.
Exception Attributes: array (
  'class' => 'JsController',
  'plugin' => NULL,
)
Request URL: /js/jquery-1.10.2.min.map
Stack Trace:
#0 /var/www/INEC/app/webroot/index.php(111): Dispatcher->dispatch(Object(CakeRequest), Object(CakeResponse))
#1 {main}
2013-08-12 20:11:52 Error: [MissingControllerException] Controller class JsController could not be found.
Exception Attributes: array (
  'class' => 'JsController',
  'plugin' => NULL,
)
Request URL: /js/jquery-1.10.2.min.map
Stack Trace:
#0 /var/www/INEC/app/webroot/index.php(111): Dispatcher->dispatch(Object(CakeRequest), Object(CakeResponse))
#1 {main}
2013-08-12 20:12:44 Error: [MissingControllerException] Controller class JsController could not be found.
Exception Attributes: array (
  'class' => 'JsController',
  'plugin' => NULL,
)
Request URL: /js/jquery-1.10.2.min.map
Stack Trace:
#0 /var/www/INEC/app/webroot/index.php(111): Dispatcher->dispatch(Object(CakeRequest), Object(CakeResponse))
#1 {main}
2013-08-12 20:16:43 Error: [MissingControllerException] Controller class JsController could not be found.
Exception Attributes: array (
  'class' => 'JsController',
  'plugin' => NULL,
)
Request URL: /js/jquery-1.10.2.min.map
Stack Trace:
#0 /var/www/INEC/app/webroot/index.php(111): Dispatcher->dispatch(Object(CakeRequest), Object(CakeResponse))
#1 {main}
2013-08-12 20:17:01 Error: [MissingControllerException] Controller class JsController could not be found.
Exception Attributes: array (
  'class' => 'JsController',
  'plugin' => NULL,
)
Request URL: /js/jquery-1.10.2.min.map
Stack Trace:
#0 /var/www/INEC/app/webroot/index.php(111): Dispatcher->dispatch(Object(CakeRequest), Object(CakeResponse))
#1 {main}
2013-08-12 20:17:11 Error: [MissingControllerException] Controller class JsController could not be found.
Exception Attributes: array (
  'class' => 'JsController',
  'plugin' => NULL,
)
Request URL: /js/jquery-1.10.2.min.map
Stack Trace:
#0 /var/www/INEC/app/webroot/index.php(111): Dispatcher->dispatch(Object(CakeRequest), Object(CakeResponse))
#1 {main}
2013-08-12 20:18:45 Error: [MissingControllerException] Controller class JsController could not be found.
Exception Attributes: array (
  'class' => 'JsController',
  'plugin' => NULL,
)
Request URL: /js/jquery-1.10.2.min.map
Stack Trace:
#0 /var/www/INEC/app/webroot/index.php(111): Dispatcher->dispatch(Object(CakeRequest), Object(CakeResponse))
#1 {main}
2013-08-12 20:21:38 Error: [MissingControllerException] Controller class JsController could not be found.
Exception Attributes: array (
  'class' => 'JsController',
  'plugin' => NULL,
)
Request URL: /js/jquery-1.10.2.min.map
Stack Trace:
#0 /var/www/INEC/app/webroot/index.php(111): Dispatcher->dispatch(Object(CakeRequest), Object(CakeResponse))
#1 {main}
2013-08-12 20:23:58 Error: [MissingControllerException] Controller class JsController could not be found.
Exception Attributes: array (
  'class' => 'JsController',
  'plugin' => NULL,
)
Request URL: /js/jquery-1.10.2.min.map
Stack Trace:
#0 /var/www/INEC/app/webroot/index.php(111): Dispatcher->dispatch(Object(CakeRequest), Object(CakeResponse))
#1 {main}
2013-08-12 20:26:01 Error: [MissingControllerException] Controller class JsController could not be found.
Exception Attributes: array (
  'class' => 'JsController',
  'plugin' => NULL,
)
Request URL: /js/jquery-1.10.2.min.map
Stack Trace:
#0 /var/www/INEC/app/webroot/index.php(111): Dispatcher->dispatch(Object(CakeRequest), Object(CakeResponse))
#1 {main}
2013-08-12 20:26:48 Error: [MissingControllerException] Controller class JsController could not be found.
Exception Attributes: array (
  'class' => 'JsController',
  'plugin' => NULL,
)
Request URL: /js/jquery-1.10.2.min.map
Stack Trace:
#0 /var/www/INEC/app/webroot/index.php(111): Dispatcher->dispatch(Object(CakeRequest), Object(CakeResponse))
#1 {main}
2013-08-12 20:27:37 Error: [MissingControllerException] Controller class JsController could not be found.
Exception Attributes: array (
  'class' => 'JsController',
  'plugin' => NULL,
)
Request URL: /js/jquery-1.10.2.min.map
Stack Trace:
#0 /var/www/INEC/app/webroot/index.php(111): Dispatcher->dispatch(Object(CakeRequest), Object(CakeResponse))
#1 {main}
2013-08-12 20:30:05 Error: [MissingControllerException] Controller class JsController could not be found.
Exception Attributes: array (
  'class' => 'JsController',
  'plugin' => NULL,
)
Request URL: /js/jquery-1.10.2.min.map
Stack Trace:
#0 /var/www/INEC/app/webroot/index.php(111): Dispatcher->dispatch(Object(CakeRequest), Object(CakeResponse))
#1 {main}
2013-08-12 20:31:44 Error: [MissingControllerException] Controller class JsController could not be found.
Exception Attributes: array (
  'class' => 'JsController',
  'plugin' => NULL,
)
Request URL: /js/jquery-1.10.2.min.map
Stack Trace:
#0 /var/www/INEC/app/webroot/index.php(111): Dispatcher->dispatch(Object(CakeRequest), Object(CakeResponse))
#1 {main}
2013-08-12 20:35:14 Error: [MissingControllerException] Controller class JsController could not be found.
Exception Attributes: array (
  'class' => 'JsController',
  'plugin' => NULL,
)
Request URL: /js/jquery-1.10.2.min.map
Stack Trace:
#0 /var/www/INEC/app/webroot/index.php(111): Dispatcher->dispatch(Object(CakeRequest), Object(CakeResponse))
#1 {main}
2013-08-12 20:35:44 Error: [MissingControllerException] Controller class JsController could not be found.
Exception Attributes: array (
  'class' => 'JsController',
  'plugin' => NULL,
)
Request URL: /js/jquery-1.10.2.min.map
Stack Trace:
#0 /var/www/INEC/app/webroot/index.php(111): Dispatcher->dispatch(Object(CakeRequest), Object(CakeResponse))
#1 {main}
2013-08-12 20:36:32 Error: [MissingControllerException] Controller class JsController could not be found.
Exception Attributes: array (
  'class' => 'JsController',
  'plugin' => NULL,
)
Request URL: /js/jquery-1.10.2.min.map
Stack Trace:
#0 /var/www/INEC/app/webroot/index.php(111): Dispatcher->dispatch(Object(CakeRequest), Object(CakeResponse))
#1 {main}
2013-08-12 20:37:45 Error: [MissingControllerException] Controller class JsController could not be found.
Exception Attributes: array (
  'class' => 'JsController',
  'plugin' => NULL,
)
Request URL: /js/jquery-1.10.2.min.map
Stack Trace:
#0 /var/www/INEC/app/webroot/index.php(111): Dispatcher->dispatch(Object(CakeRequest), Object(CakeResponse))
#1 {main}
2013-08-12 20:40:01 Error: [MissingControllerException] Controller class JsController could not be found.
Exception Attributes: array (
  'class' => 'JsController',
  'plugin' => NULL,
)
Request URL: /js/jquery-1.10.2.min.map
Stack Trace:
#0 /var/www/INEC/app/webroot/index.php(111): Dispatcher->dispatch(Object(CakeRequest), Object(CakeResponse))
#1 {main}
2013-08-12 20:44:16 Error: [MissingControllerException] Controller class JsController could not be found.
Exception Attributes: array (
  'class' => 'JsController',
  'plugin' => NULL,
)
Request URL: /js/jquery-1.10.2.min.map
Stack Trace:
#0 /var/www/INEC/app/webroot/index.php(111): Dispatcher->dispatch(Object(CakeRequest), Object(CakeResponse))
#1 {main}
2013-08-12 20:49:58 Error: [MissingControllerException] Controller class JsController could not be found.
Exception Attributes: array (
  'class' => 'JsController',
  'plugin' => NULL,
)
Request URL: /js/jquery-1.10.2.min.map
Stack Trace:
#0 /var/www/INEC/app/webroot/index.php(111): Dispatcher->dispatch(Object(CakeRequest), Object(CakeResponse))
#1 {main}
2013-08-12 20:51:03 Error: [MissingControllerException] Controller class JsController could not be found.
Exception Attributes: array (
  'class' => 'JsController',
  'plugin' => NULL,
)
Request URL: /js/jquery-1.10.2.min.map
Stack Trace:
#0 /var/www/INEC/app/webroot/index.php(111): Dispatcher->dispatch(Object(CakeRequest), Object(CakeResponse))
#1 {main}
2013-08-12 20:52:34 Error: [MissingControllerException] Controller class JsController could not be found.
Exception Attributes: array (
  'class' => 'JsController',
  'plugin' => NULL,
)
Request URL: /js/jquery-1.10.2.min.map
Stack Trace:
#0 /var/www/INEC/app/webroot/index.php(111): Dispatcher->dispatch(Object(CakeRequest), Object(CakeResponse))
#1 {main}
2013-08-12 20:53:30 Error: [MissingControllerException] Controller class JsController could not be found.
Exception Attributes: array (
  'class' => 'JsController',
  'plugin' => NULL,
)
Request URL: /js/jquery-1.10.2.min.map
Stack Trace:
#0 /var/www/INEC/app/webroot/index.php(111): Dispatcher->dispatch(Object(CakeRequest), Object(CakeResponse))
#1 {main}
2013-08-12 20:58:24 Error: [MissingControllerException] Controller class JsController could not be found.
Exception Attributes: array (
  'class' => 'JsController',
  'plugin' => NULL,
)
Request URL: /js/jquery-1.10.2.min.map
Stack Trace:
#0 /var/www/INEC/app/webroot/index.php(111): Dispatcher->dispatch(Object(CakeRequest), Object(CakeResponse))
#1 {main}
2013-08-12 20:59:11 Error: [MissingControllerException] Controller class JsController could not be found.
Exception Attributes: array (
  'class' => 'JsController',
  'plugin' => NULL,
)
Request URL: /js/jquery-1.10.2.min.map
Stack Trace:
#0 /var/www/INEC/app/webroot/index.php(111): Dispatcher->dispatch(Object(CakeRequest), Object(CakeResponse))
#1 {main}
2013-08-12 21:01:12 Error: [MissingControllerException] Controller class JsController could not be found.
Exception Attributes: array (
  'class' => 'JsController',
  'plugin' => NULL,
)
Request URL: /js/jquery-1.10.2.min.map
Stack Trace:
#0 /var/www/INEC/app/webroot/index.php(111): Dispatcher->dispatch(Object(CakeRequest), Object(CakeResponse))
#1 {main}
2013-08-12 21:06:01 Error: [MissingControllerException] Controller class JsController could not be found.
Exception Attributes: array (
  'class' => 'JsController',
  'plugin' => NULL,
)
Request URL: /js/jquery-1.10.2.min.map
Stack Trace:
#0 /var/www/INEC/app/webroot/index.php(111): Dispatcher->dispatch(Object(CakeRequest), Object(CakeResponse))
#1 {main}
2013-08-12 21:08:39 Error: [MissingControllerException] Controller class JsController could not be found.
Exception Attributes: array (
  'class' => 'JsController',
  'plugin' => NULL,
)
Request URL: /js/jquery-1.10.2.min.map
Stack Trace:
#0 /var/www/INEC/app/webroot/index.php(111): Dispatcher->dispatch(Object(CakeRequest), Object(CakeResponse))
#1 {main}
